语法

    0 $accept: Program $end

    1 Program: ExtDefList

    2 ExtDefList: ExtDef ExtDefList
    3           | %empty

    4 ExtDef: Specifier ExtDecList SEMI
    5       | Specifier SEMI
    6       | Specifier FunDec CompSt
    7       | error SEMI

    8 ExtDecList: VarDec
    9           | VarDec COMMA ExtDecList
   10           | VarDec error SEMI

   11 Specifier: TYPE
   12          | StructSpecifier

   13 StructSpecifier: STRUCT OptTag LC DefList RC
   14                | STRUCT Tag

   15 OptTag: ID
   16       | %empty

   17 Tag: ID

   18 VarDec: ID
   19       | VarDec LB INT RB
   20       | VarDec LB error RB
   21       | VarDec LB INT error

   22 FunDec: ID LP VarList RP
   23       | ID LP RP
   24       | ID LP error RP
   25       | error LP VarList RP

   26 VarList: ParamDec COMMA VarList
   27        | ParamDec

   28 ParamDec: Specifier VarDec

   29 CompSt: LC DefList StmtList RC

   30 StmtList: Stmt StmtList
   31         | %empty

   32 Stmt: Exp SEMI
   33     | CompSt
   34     | RETURN Exp SEMI
   35     | IF LP Exp RP Stmt
   36     | IF LP Exp RP Stmt ELSE Stmt
   37     | WHILE LP Exp RP Stmt
   38     | RETURN Exp error
   39     | RETURN error SEMI
   40     | Exp error
   41     | WHILE LP Exp RP error SEMI

   42 DefList: Def DefList
   43        | %empty

   44 Def: Specifier DecList SEMI
   45    | error SEMI

   46 DecList: Dec
   47        | Dec COMMA DecList

   48 Dec: VarDec
   49    | VarDec ASSIGNOP Exp

   50 Exp: Exp ASSIGNOP Exp
   51    | Exp AND Exp
   52    | Exp OR Exp
   53    | Exp RELOP Exp
   54    | Exp PLUS Exp
   55    | Exp MINUS Exp
   56    | Exp STAR Exp
   57    | Exp DIV Exp
   58    | LP Exp RP
   59    | MINUS Exp
   60    | NOT Exp
   61    | ID LP Args RP
   62    | ID LP RP
   63    | Exp LB Exp RB
   64    | Exp DOT ID
   65    | ID
   66    | INT
   67    | FLOAT
   68    | Exp ASSIGNOP error
   69    | Exp AND error
   70    | Exp OR error
   71    | Exp RELOP error
   72    | Exp PLUS error
   73    | Exp MINUS error
   74    | Exp STAR error
   75    | Exp DIV error
   76    | LP error RP
   77    | MINUS error
   78    | NOT error
   79    | ID LP error RP
   80    | Exp LB error RB

   81 Args: Exp COMMA Args
   82     | Exp


终结语词，附有它们出现处的规则

    $end (0) 0
    error (256) 7 10 20 21 24 25 38 39 40 41 45 68 69 70 71 72 73 74 75 76 77 78 79 80
    INT (258) 19 21 66
    FLOAT (259) 67
    ID (260) 15 17 18 22 23 24 61 62 64 65 79
    SEMI (261) 4 5 7 10 32 34 39 41 44 45
    COMMA (262) 9 26 47 81
    ASSIGNOP (263) 49 50 68
    RELOP (264) 53 71
    PLUS (265) 54 72
    MINUS (266) 55 59 73 77
    STAR (267) 56 74
    DIV (268) 57 75
    AND (269) 51 69
    OR (270) 52 70
    DOT (271) 64
    NOT (272) 60 78
    TYPE (273) 11
    LP (274) 22 23 24 25 35 36 37 41 58 61 62 76 79
    RP (275) 22 23 24 25 35 36 37 41 58 61 62 76 79
    LB (276) 19 20 21 63 80
    RB (277) 19 20 63 80
    LC (278) 13 29
    RC (279) 13 29
    STRUCT (280) 13 14
    RETURN (281) 34 38 39
    IF (282) 35 36
    ELSE (283) 36
    WHILE (284) 37 41


非终结语词，附有它们出现处的规则

    $accept (30)
        on left: 0
    Program (31)
        on left: 1
        on right: 0
    ExtDefList (32)
        on left: 2 3
        on right: 1 2
    ExtDef (33)
        on left: 4 5 6 7
        on right: 2
    ExtDecList (34)
        on left: 8 9 10
        on right: 4 9
    Specifier (35)
        on left: 11 12
        on right: 4 5 6 28 44
    StructSpecifier (36)
        on left: 13 14
        on right: 12
    OptTag (37)
        on left: 15 16
        on right: 13
    Tag (38)
        on left: 17
        on right: 14
    VarDec (39)
        on left: 18 19 20 21
        on right: 8 9 10 19 20 21 28 48 49
    FunDec (40)
        on left: 22 23 24 25
        on right: 6
    VarList (41)
        on left: 26 27
        on right: 22 25 26
    ParamDec (42)
        on left: 28
        on right: 26 27
    CompSt (43)
        on left: 29
        on right: 6 33
    StmtList (44)
        on left: 30 31
        on right: 29 30
    Stmt (45)
        on left: 32 33 34 35 36 37 38 39 40 41
        on right: 30 35 36 37
    DefList (46)
        on left: 42 43
        on right: 13 29 42
    Def (47)
        on left: 44 45
        on right: 42
    DecList (48)
        on left: 46 47
        on right: 44 47
    Dec (49)
        on left: 48 49
        on right: 46 47
    Exp (50)
        on left: 50 51 52 53 54 55 56 57 58 59 60 61 62 63 64 65 66 67 68 69 70 71 72 73 74 75 76 77 78 79 80
        on right: 32 34 35 36 37 38 40 41 49 50 51 52 53 54 55 56 57 58 59 60 63 64 68 69 70 71 72 73 74 75 80 81 82
    Args (51)
        on left: 81 82
        on right: 61 81


状态 0

    0 $accept: . Program $end

    error   偏移，并进入状态 1
    TYPE    偏移，并进入状态 2
    STRUCT  偏移，并进入状态 3

    $end  使用规则 3 以归约 (ExtDefList)

    Program          转到状态 4
    ExtDefList       转到状态 5
    ExtDef           转到状态 6
    Specifier        转到状态 7
    StructSpecifier  转到状态 8


状态 1

    7 ExtDef: error . SEMI

    SEMI  偏移，并进入状态 9


状态 2

   11 Specifier: TYPE .

    $default  使用规则 11 以归约 (Specifier)


状态 3

   13 StructSpecifier: STRUCT . OptTag LC DefList RC
   14                | STRUCT . Tag

    ID  偏移，并进入状态 10

    $default  使用规则 16 以归约 (OptTag)

    OptTag  转到状态 11
    Tag     转到状态 12


状态 4

    0 $accept: Program . $end

    $end  偏移，并进入状态 13


状态 5

    1 Program: ExtDefList .

    $default  使用规则 1 以归约 (Program)


状态 6

    2 ExtDefList: ExtDef . ExtDefList

    error   偏移，并进入状态 1
    TYPE    偏移，并进入状态 2
    STRUCT  偏移，并进入状态 3

    $end  使用规则 3 以归约 (ExtDefList)

    ExtDefList       转到状态 14
    ExtDef           转到状态 6
    Specifier        转到状态 7
    StructSpecifier  转到状态 8


状态 7

    4 ExtDef: Specifier . ExtDecList SEMI
    5       | Specifier . SEMI
    6       | Specifier . FunDec CompSt

    error  偏移，并进入状态 15
    ID     偏移，并进入状态 16
    SEMI   偏移，并进入状态 17

    ExtDecList  转到状态 18
    VarDec      转到状态 19
    FunDec      转到状态 20


状态 8

   12 Specifier: StructSpecifier .

    $default  使用规则 12 以归约 (Specifier)


状态 9

    7 ExtDef: error SEMI .

    $default  使用规则 7 以归约 (ExtDef)


状态 10

   15 OptTag: ID .
   17 Tag: ID .

    LC        使用规则 15 以归约 (OptTag)
    $default  使用规则 17 以归约 (Tag)


状态 11

   13 StructSpecifier: STRUCT OptTag . LC DefList RC

    LC  偏移，并进入状态 21


状态 12

   14 StructSpecifier: STRUCT Tag .

    $default  使用规则 14 以归约 (StructSpecifier)


状态 13

    0 $accept: Program $end .

    $default  接受


状态 14

    2 ExtDefList: ExtDef ExtDefList .

    $default  使用规则 2 以归约 (ExtDefList)


状态 15

   25 FunDec: error . LP VarList RP

    LP  偏移，并进入状态 22


状态 16

   18 VarDec: ID .
   22 FunDec: ID . LP VarList RP
   23       | ID . LP RP
   24       | ID . LP error RP

    LP  偏移，并进入状态 23

    $default  使用规则 18 以归约 (VarDec)


状态 17

    5 ExtDef: Specifier SEMI .

    $default  使用规则 5 以归约 (ExtDef)


状态 18

    4 ExtDef: Specifier ExtDecList . SEMI

    SEMI  偏移，并进入状态 24


状态 19

    8 ExtDecList: VarDec .
    9           | VarDec . COMMA ExtDecList
   10           | VarDec . error SEMI
   19 VarDec: VarDec . LB INT RB
   20       | VarDec . LB error RB
   21       | VarDec . LB INT error

    error  偏移，并进入状态 25
    COMMA  偏移，并进入状态 26
    LB     偏移，并进入状态 27

    SEMI  使用规则 8 以归约 (ExtDecList)


状态 20

    6 ExtDef: Specifier FunDec . CompSt

    LC  偏移，并进入状态 28

    CompSt  转到状态 29


状态 21

   13 StructSpecifier: STRUCT OptTag LC . DefList RC

    error   偏移，并进入状态 30
    TYPE    偏移，并进入状态 2
    STRUCT  偏移，并进入状态 3

    RC  使用规则 43 以归约 (DefList)

    Specifier        转到状态 31
    StructSpecifier  转到状态 8
    DefList          转到状态 32
    Def              转到状态 33


状态 22

   25 FunDec: error LP . VarList RP

    TYPE    偏移，并进入状态 2
    STRUCT  偏移，并进入状态 3

    Specifier        转到状态 34
    StructSpecifier  转到状态 8
    VarList          转到状态 35
    ParamDec         转到状态 36


状态 23

   22 FunDec: ID LP . VarList RP
   23       | ID LP . RP
   24       | ID LP . error RP

    error   偏移，并进入状态 37
    TYPE    偏移，并进入状态 2
    RP      偏移，并进入状态 38
    STRUCT  偏移，并进入状态 3

    Specifier        转到状态 34
    StructSpecifier  转到状态 8
    VarList          转到状态 39
    ParamDec         转到状态 36


状态 24

    4 ExtDef: Specifier ExtDecList SEMI .

    $default  使用规则 4 以归约 (ExtDef)


状态 25

   10 ExtDecList: VarDec error . SEMI

    SEMI  偏移，并进入状态 40


状态 26

    9 ExtDecList: VarDec COMMA . ExtDecList

    ID  偏移，并进入状态 41

    ExtDecList  转到状态 42
    VarDec      转到状态 19


状态 27

   19 VarDec: VarDec LB . INT RB
   20       | VarDec LB . error RB
   21       | VarDec LB . INT error

    error  偏移，并进入状态 43
    INT    偏移，并进入状态 44


状态 28

   29 CompSt: LC . DefList StmtList RC

    error   偏移，并进入状态 30
    TYPE    偏移，并进入状态 2
    STRUCT  偏移，并进入状态 3

    INT     使用规则 43 以归约 (DefList)
    FLOAT   使用规则 43 以归约 (DefList)
    ID      使用规则 43 以归约 (DefList)
    MINUS   使用规则 43 以归约 (DefList)
    NOT     使用规则 43 以归约 (DefList)
    LP      使用规则 43 以归约 (DefList)
    LC      使用规则 43 以归约 (DefList)
    RC      使用规则 43 以归约 (DefList)
    RETURN  使用规则 43 以归约 (DefList)
    IF      使用规则 43 以归约 (DefList)
    WHILE   使用规则 43 以归约 (DefList)

    Specifier        转到状态 31
    StructSpecifier  转到状态 8
    DefList          转到状态 45
    Def              转到状态 33


状态 29

    6 ExtDef: Specifier FunDec CompSt .

    $default  使用规则 6 以归约 (ExtDef)


状态 30

   45 Def: error . SEMI

    SEMI  偏移，并进入状态 46


状态 31

   44 Def: Specifier . DecList SEMI

    ID  偏移，并进入状态 41

    VarDec   转到状态 47
    DecList  转到状态 48
    Dec      转到状态 49


状态 32

   13 StructSpecifier: STRUCT OptTag LC DefList . RC

    RC  偏移，并进入状态 50


状态 33

   42 DefList: Def . DefList

    error   偏移，并进入状态 30
    TYPE    偏移，并进入状态 2
    STRUCT  偏移，并进入状态 3

    INT     使用规则 43 以归约 (DefList)
    FLOAT   使用规则 43 以归约 (DefList)
    ID      使用规则 43 以归约 (DefList)
    MINUS   使用规则 43 以归约 (DefList)
    NOT     使用规则 43 以归约 (DefList)
    LP      使用规则 43 以归约 (DefList)
    LC      使用规则 43 以归约 (DefList)
    RC      使用规则 43 以归约 (DefList)
    RETURN  使用规则 43 以归约 (DefList)
    IF      使用规则 43 以归约 (DefList)
    WHILE   使用规则 43 以归约 (DefList)

    Specifier        转到状态 31
    StructSpecifier  转到状态 8
    DefList          转到状态 51
    Def              转到状态 33


状态 34

   28 ParamDec: Specifier . VarDec

    ID  偏移，并进入状态 41

    VarDec  转到状态 52


状态 35

   25 FunDec: error LP VarList . RP

    RP  偏移，并进入状态 53


状态 36

   26 VarList: ParamDec . COMMA VarList
   27        | ParamDec .

    COMMA  偏移，并进入状态 54

    $default  使用规则 27 以归约 (VarList)


状态 37

   24 FunDec: ID LP error . RP

    RP  偏移，并进入状态 55


状态 38

   23 FunDec: ID LP RP .

    $default  使用规则 23 以归约 (FunDec)


状态 39

   22 FunDec: ID LP VarList . RP

    RP  偏移，并进入状态 56


状态 40

   10 ExtDecList: VarDec error SEMI .

    $default  使用规则 10 以归约 (ExtDecList)


状态 41

   18 VarDec: ID .

    $default  使用规则 18 以归约 (VarDec)


状态 42

    9 ExtDecList: VarDec COMMA ExtDecList .

    $default  使用规则 9 以归约 (ExtDecList)


状态 43

   20 VarDec: VarDec LB error . RB

    RB  偏移，并进入状态 57


状态 44

   19 VarDec: VarDec LB INT . RB
   21       | VarDec LB INT . error

    error  偏移，并进入状态 58
    RB     偏移，并进入状态 59


状态 45

   29 CompSt: LC DefList . StmtList RC

    INT     偏移，并进入状态 60
    FLOAT   偏移，并进入状态 61
    ID      偏移，并进入状态 62
    MINUS   偏移，并进入状态 63
    NOT     偏移，并进入状态 64
    LP      偏移，并进入状态 65
    LC      偏移，并进入状态 28
    RETURN  偏移，并进入状态 66
    IF      偏移，并进入状态 67
    WHILE   偏移，并进入状态 68

    $default  使用规则 31 以归约 (StmtList)

    CompSt    转到状态 69
    StmtList  转到状态 70
    Stmt      转到状态 71
    Exp       转到状态 72


状态 46

   45 Def: error SEMI .

    $default  使用规则 45 以归约 (Def)


状态 47

   19 VarDec: VarDec . LB INT RB
   20       | VarDec . LB error RB
   21       | VarDec . LB INT error
   48 Dec: VarDec .
   49    | VarDec . ASSIGNOP Exp

    ASSIGNOP  偏移，并进入状态 73
    LB        偏移，并进入状态 27

    $default  使用规则 48 以归约 (Dec)


状态 48

   44 Def: Specifier DecList . SEMI

    SEMI  偏移，并进入状态 74


状态 49

   46 DecList: Dec .
   47        | Dec . COMMA DecList

    COMMA  偏移，并进入状态 75

    $default  使用规则 46 以归约 (DecList)


状态 50

   13 StructSpecifier: STRUCT OptTag LC DefList RC .

    $default  使用规则 13 以归约 (StructSpecifier)


状态 51

   42 DefList: Def DefList .

    $default  使用规则 42 以归约 (DefList)


状态 52

   19 VarDec: VarDec . LB INT RB
   20       | VarDec . LB error RB
   21       | VarDec . LB INT error
   28 ParamDec: Specifier VarDec .

    LB  偏移，并进入状态 27

    $default  使用规则 28 以归约 (ParamDec)


状态 53

   25 FunDec: error LP VarList RP .

    $default  使用规则 25 以归约 (FunDec)


状态 54

   26 VarList: ParamDec COMMA . VarList

    TYPE    偏移，并进入状态 2
    STRUCT  偏移，并进入状态 3

    Specifier        转到状态 34
    StructSpecifier  转到状态 8
    VarList          转到状态 76
    ParamDec         转到状态 36


状态 55

   24 FunDec: ID LP error RP .

    $default  使用规则 24 以归约 (FunDec)


状态 56

   22 FunDec: ID LP VarList RP .

    $default  使用规则 22 以归约 (FunDec)


状态 57

   20 VarDec: VarDec LB error RB .

    $default  使用规则 20 以归约 (VarDec)


状态 58

   21 VarDec: VarDec LB INT error .

    $default  使用规则 21 以归约 (VarDec)


状态 59

   19 VarDec: VarDec LB INT RB .

    $default  使用规则 19 以归约 (VarDec)


状态 60

   66 Exp: INT .

    $default  使用规则 66 以归约 (Exp)


状态 61

   67 Exp: FLOAT .

    $default  使用规则 67 以归约 (Exp)


状态 62

   61 Exp: ID . LP Args RP
   62    | ID . LP RP
   65    | ID .
   79    | ID . LP error RP

    LP  偏移，并进入状态 77

    $default  使用规则 65 以归约 (Exp)


状态 63

   59 Exp: MINUS . Exp
   77    | MINUS . error

    error  偏移，并进入状态 78
    INT    偏移，并进入状态 60
    FLOAT  偏移，并进入状态 61
    ID     偏移，并进入状态 62
    MINUS  偏移，并进入状态 63
    NOT    偏移，并进入状态 64
    LP     偏移，并进入状态 65

    Exp  转到状态 79


状态 64

   60 Exp: NOT . Exp
   78    | NOT . error

    error  偏移，并进入状态 80
    INT    偏移，并进入状态 60
    FLOAT  偏移，并进入状态 61
    ID     偏移，并进入状态 62
    MINUS  偏移，并进入状态 63
    NOT    偏移，并进入状态 64
    LP     偏移，并进入状态 65

    Exp  转到状态 81


状态 65

   58 Exp: LP . Exp RP
   76    | LP . error RP

    error  偏移，并进入状态 82
    INT    偏移，并进入状态 60
    FLOAT  偏移，并进入状态 61
    ID     偏移，并进入状态 62
    MINUS  偏移，并进入状态 63
    NOT    偏移，并进入状态 64
    LP     偏移，并进入状态 65

    Exp  转到状态 83


状态 66

   34 Stmt: RETURN . Exp SEMI
   38     | RETURN . Exp error
   39     | RETURN . error SEMI

    error  偏移，并进入状态 84
    INT    偏移，并进入状态 60
    FLOAT  偏移，并进入状态 61
    ID     偏移，并进入状态 62
    MINUS  偏移，并进入状态 63
    NOT    偏移，并进入状态 64
    LP     偏移，并进入状态 65

    Exp  转到状态 85


状态 67

   35 Stmt: IF . LP Exp RP Stmt
   36     | IF . LP Exp RP Stmt ELSE Stmt

    LP  偏移，并进入状态 86


状态 68

   37 Stmt: WHILE . LP Exp RP Stmt
   41     | WHILE . LP Exp RP error SEMI

    LP  偏移，并进入状态 87


状态 69

   33 Stmt: CompSt .

    $default  使用规则 33 以归约 (Stmt)


状态 70

   29 CompSt: LC DefList StmtList . RC

    RC  偏移，并进入状态 88


状态 71

   30 StmtList: Stmt . StmtList

    INT     偏移，并进入状态 60
    FLOAT   偏移，并进入状态 61
    ID      偏移，并进入状态 62
    MINUS   偏移，并进入状态 63
    NOT     偏移，并进入状态 64
    LP      偏移，并进入状态 65
    LC      偏移，并进入状态 28
    RETURN  偏移，并进入状态 66
    IF      偏移，并进入状态 67
    WHILE   偏移，并进入状态 68

    $default  使用规则 31 以归约 (StmtList)

    CompSt    转到状态 69
    StmtList  转到状态 89
    Stmt      转到状态 71
    Exp       转到状态 72


状态 72

   32 Stmt: Exp . SEMI
   40     | Exp . error
   50 Exp: Exp . ASSIGNOP Exp
   51    | Exp . AND Exp
   52    | Exp . OR Exp
   53    | Exp . RELOP Exp
   54    | Exp . PLUS Exp
   55    | Exp . MINUS Exp
   56    | Exp . STAR Exp
   57    | Exp . DIV Exp
   63    | Exp . LB Exp RB
   64    | Exp . DOT ID
   68    | Exp . ASSIGNOP error
   69    | Exp . AND error
   70    | Exp . OR error
   71    | Exp . RELOP error
   72    | Exp . PLUS error
   73    | Exp . MINUS error
   74    | Exp . STAR error
   75    | Exp . DIV error
   80    | Exp . LB error RB

    error     偏移，并进入状态 90
    SEMI      偏移，并进入状态 91
    ASSIGNOP  偏移，并进入状态 92
    RELOP     偏移，并进入状态 93
    PLUS      偏移，并进入状态 94
    MINUS     偏移，并进入状态 95
    STAR      偏移，并进入状态 96
    DIV       偏移，并进入状态 97
    AND       偏移，并进入状态 98
    OR        偏移，并进入状态 99
    DOT       偏移，并进入状态 100
    LB        偏移，并进入状态 101


状态 73

   49 Dec: VarDec ASSIGNOP . Exp

    INT    偏移，并进入状态 60
    FLOAT  偏移，并进入状态 61
    ID     偏移，并进入状态 62
    MINUS  偏移，并进入状态 63
    NOT    偏移，并进入状态 64
    LP     偏移，并进入状态 65

    Exp  转到状态 102


状态 74

   44 Def: Specifier DecList SEMI .

    $default  使用规则 44 以归约 (Def)


状态 75

   47 DecList: Dec COMMA . DecList

    ID  偏移，并进入状态 41

    VarDec   转到状态 47
    DecList  转到状态 103
    Dec      转到状态 49


状态 76

   26 VarList: ParamDec COMMA VarList .

    $default  使用规则 26 以归约 (VarList)


状态 77

   61 Exp: ID LP . Args RP
   62    | ID LP . RP
   79    | ID LP . error RP

    error  偏移，并进入状态 104
    INT    偏移，并进入状态 60
    FLOAT  偏移，并进入状态 61
    ID     偏移，并进入状态 62
    MINUS  偏移，并进入状态 63
    NOT    偏移，并进入状态 64
    LP     偏移，并进入状态 65
    RP     偏移，并进入状态 105

    Exp   转到状态 106
    Args  转到状态 107


状态 78

   77 Exp: MINUS error .

    $default  使用规则 77 以归约 (Exp)


状态 79

   50 Exp: Exp . ASSIGNOP Exp
   51    | Exp . AND Exp
   52    | Exp . OR Exp
   53    | Exp . RELOP Exp
   54    | Exp . PLUS Exp
   55    | Exp . MINUS Exp
   56    | Exp . STAR Exp
   57    | Exp . DIV Exp
   59    | MINUS Exp .
   63    | Exp . LB Exp RB
   64    | Exp . DOT ID
   68    | Exp . ASSIGNOP error
   69    | Exp . AND error
   70    | Exp . OR error
   71    | Exp . RELOP error
   72    | Exp . PLUS error
   73    | Exp . MINUS error
   74    | Exp . STAR error
   75    | Exp . DIV error
   80    | Exp . LB error RB

    STAR  偏移，并进入状态 96
    DIV   偏移，并进入状态 97
    DOT   偏移，并进入状态 100
    LB    偏移，并进入状态 101

    $default  使用规则 59 以归约 (Exp)


状态 80

   78 Exp: NOT error .

    $default  使用规则 78 以归约 (Exp)


状态 81

   50 Exp: Exp . ASSIGNOP Exp
   51    | Exp . AND Exp
   52    | Exp . OR Exp
   53    | Exp . RELOP Exp
   54    | Exp . PLUS Exp
   55    | Exp . MINUS Exp
   56    | Exp . STAR Exp
   57    | Exp . DIV Exp
   60    | NOT Exp .
   63    | Exp . LB Exp RB
   64    | Exp . DOT ID
   68    | Exp . ASSIGNOP error
   69    | Exp . AND error
   70    | Exp . OR error
   71    | Exp . RELOP error
   72    | Exp . PLUS error
   73    | Exp . MINUS error
   74    | Exp . STAR error
   75    | Exp . DIV error
   80    | Exp . LB error RB

    DOT  偏移，并进入状态 100
    LB   偏移，并进入状态 101

    $default  使用规则 60 以归约 (Exp)


状态 82

   76 Exp: LP error . RP

    RP  偏移，并进入状态 108


状态 83

   50 Exp: Exp . ASSIGNOP Exp
   51    | Exp . AND Exp
   52    | Exp . OR Exp
   53    | Exp . RELOP Exp
   54    | Exp . PLUS Exp
   55    | Exp . MINUS Exp
   56    | Exp . STAR Exp
   57    | Exp . DIV Exp
   58    | LP Exp . RP
   63    | Exp . LB Exp RB
   64    | Exp . DOT ID
   68    | Exp . ASSIGNOP error
   69    | Exp . AND error
   70    | Exp . OR error
   71    | Exp . RELOP error
   72    | Exp . PLUS error
   73    | Exp . MINUS error
   74    | Exp . STAR error
   75    | Exp . DIV error
   80    | Exp . LB error RB

    ASSIGNOP  偏移，并进入状态 92
    RELOP     偏移，并进入状态 93
    PLUS      偏移，并进入状态 94
    MINUS     偏移，并进入状态 95
    STAR      偏移，并进入状态 96
    DIV       偏移，并进入状态 97
    AND       偏移，并进入状态 98
    OR        偏移，并进入状态 99
    DOT       偏移，并进入状态 100
    RP        偏移，并进入状态 109
    LB        偏移，并进入状态 101


状态 84

   39 Stmt: RETURN error . SEMI

    SEMI  偏移，并进入状态 110


状态 85

   34 Stmt: RETURN Exp . SEMI
   38     | RETURN Exp . error
   50 Exp: Exp . ASSIGNOP Exp
   51    | Exp . AND Exp
   52    | Exp . OR Exp
   53    | Exp . RELOP Exp
   54    | Exp . PLUS Exp
   55    | Exp . MINUS Exp
   56    | Exp . STAR Exp
   57    | Exp . DIV Exp
   63    | Exp . LB Exp RB
   64    | Exp . DOT ID
   68    | Exp . ASSIGNOP error
   69    | Exp . AND error
   70    | Exp . OR error
   71    | Exp . RELOP error
   72    | Exp . PLUS error
   73    | Exp . MINUS error
   74    | Exp . STAR error
   75    | Exp . DIV error
   80    | Exp . LB error RB

    error     偏移，并进入状态 111
    SEMI      偏移，并进入状态 112
    ASSIGNOP  偏移，并进入状态 92
    RELOP     偏移，并进入状态 93
    PLUS      偏移，并进入状态 94
    MINUS     偏移，并进入状态 95
    STAR      偏移，并进入状态 96
    DIV       偏移，并进入状态 97
    AND       偏移，并进入状态 98
    OR        偏移，并进入状态 99
    DOT       偏移，并进入状态 100
    LB        偏移，并进入状态 101


状态 86

   35 Stmt: IF LP . Exp RP Stmt
   36     | IF LP . Exp RP Stmt ELSE Stmt

    INT    偏移，并进入状态 60
    FLOAT  偏移，并进入状态 61
    ID     偏移，并进入状态 62
    MINUS  偏移，并进入状态 63
    NOT    偏移，并进入状态 64
    LP     偏移，并进入状态 65

    Exp  转到状态 113


状态 87

   37 Stmt: WHILE LP . Exp RP Stmt
   41     | WHILE LP . Exp RP error SEMI

    INT    偏移，并进入状态 60
    FLOAT  偏移，并进入状态 61
    ID     偏移，并进入状态 62
    MINUS  偏移，并进入状态 63
    NOT    偏移，并进入状态 64
    LP     偏移，并进入状态 65

    Exp  转到状态 114


状态 88

   29 CompSt: LC DefList StmtList RC .

    $default  使用规则 29 以归约 (CompSt)


状态 89

   30 StmtList: Stmt StmtList .

    $default  使用规则 30 以归约 (StmtList)


状态 90

   40 Stmt: Exp error .

    $default  使用规则 40 以归约 (Stmt)


状态 91

   32 Stmt: Exp SEMI .

    $default  使用规则 32 以归约 (Stmt)


状态 92

   50 Exp: Exp ASSIGNOP . Exp
   68    | Exp ASSIGNOP . error

    error  偏移，并进入状态 115
    INT    偏移，并进入状态 60
    FLOAT  偏移，并进入状态 61
    ID     偏移，并进入状态 62
    MINUS  偏移，并进入状态 63
    NOT    偏移，并进入状态 64
    LP     偏移，并进入状态 65

    Exp  转到状态 116


状态 93

   53 Exp: Exp RELOP . Exp
   71    | Exp RELOP . error

    error  偏移，并进入状态 117
    INT    偏移，并进入状态 60
    FLOAT  偏移，并进入状态 61
    ID     偏移，并进入状态 62
    MINUS  偏移，并进入状态 63
    NOT    偏移，并进入状态 64
    LP     偏移，并进入状态 65

    Exp  转到状态 118


状态 94

   54 Exp: Exp PLUS . Exp
   72    | Exp PLUS . error

    error  偏移，并进入状态 119
    INT    偏移，并进入状态 60
    FLOAT  偏移，并进入状态 61
    ID     偏移，并进入状态 62
    MINUS  偏移，并进入状态 63
    NOT    偏移，并进入状态 64
    LP     偏移，并进入状态 65

    Exp  转到状态 120


状态 95

   55 Exp: Exp MINUS . Exp
   73    | Exp MINUS . error

    error  偏移，并进入状态 121
    INT    偏移，并进入状态 60
    FLOAT  偏移，并进入状态 61
    ID     偏移，并进入状态 62
    MINUS  偏移，并进入状态 63
    NOT    偏移，并进入状态 64
    LP     偏移，并进入状态 65

    Exp  转到状态 122


状态 96

   56 Exp: Exp STAR . Exp
   74    | Exp STAR . error

    error  偏移，并进入状态 123
    INT    偏移，并进入状态 60
    FLOAT  偏移，并进入状态 61
    ID     偏移，并进入状态 62
    MINUS  偏移，并进入状态 63
    NOT    偏移，并进入状态 64
    LP     偏移，并进入状态 65

    Exp  转到状态 124


状态 97

   57 Exp: Exp DIV . Exp
   75    | Exp DIV . error

    error  偏移，并进入状态 125
    INT    偏移，并进入状态 60
    FLOAT  偏移，并进入状态 61
    ID     偏移，并进入状态 62
    MINUS  偏移，并进入状态 63
    NOT    偏移，并进入状态 64
    LP     偏移，并进入状态 65

    Exp  转到状态 126


状态 98

   51 Exp: Exp AND . Exp
   69    | Exp AND . error

    error  偏移，并进入状态 127
    INT    偏移，并进入状态 60
    FLOAT  偏移，并进入状态 61
    ID     偏移，并进入状态 62
    MINUS  偏移，并进入状态 63
    NOT    偏移，并进入状态 64
    LP     偏移，并进入状态 65

    Exp  转到状态 128


状态 99

   52 Exp: Exp OR . Exp
   70    | Exp OR . error

    error  偏移，并进入状态 129
    INT    偏移，并进入状态 60
    FLOAT  偏移，并进入状态 61
    ID     偏移，并进入状态 62
    MINUS  偏移，并进入状态 63
    NOT    偏移，并进入状态 64
    LP     偏移，并进入状态 65

    Exp  转到状态 130


状态 100

   64 Exp: Exp DOT . ID

    ID  偏移，并进入状态 131


状态 101

   63 Exp: Exp LB . Exp RB
   80    | Exp LB . error RB

    error  偏移，并进入状态 132
    INT    偏移，并进入状态 60
    FLOAT  偏移，并进入状态 61
    ID     偏移，并进入状态 62
    MINUS  偏移，并进入状态 63
    NOT    偏移，并进入状态 64
    LP     偏移，并进入状态 65

    Exp  转到状态 133


状态 102

   49 Dec: VarDec ASSIGNOP Exp .
   50 Exp: Exp . ASSIGNOP Exp
   51    | Exp . AND Exp
   52    | Exp . OR Exp
   53    | Exp . RELOP Exp
   54    | Exp . PLUS Exp
   55    | Exp . MINUS Exp
   56    | Exp . STAR Exp
   57    | Exp . DIV Exp
   63    | Exp . LB Exp RB
   64    | Exp . DOT ID
   68    | Exp . ASSIGNOP error
   69    | Exp . AND error
   70    | Exp . OR error
   71    | Exp . RELOP error
   72    | Exp . PLUS error
   73    | Exp . MINUS error
   74    | Exp . STAR error
   75    | Exp . DIV error
   80    | Exp . LB error RB

    ASSIGNOP  偏移，并进入状态 92
    RELOP     偏移，并进入状态 93
    PLUS      偏移，并进入状态 94
    MINUS     偏移，并进入状态 95
    STAR      偏移，并进入状态 96
    DIV       偏移，并进入状态 97
    AND       偏移，并进入状态 98
    OR        偏移，并进入状态 99
    DOT       偏移，并进入状态 100
    LB        偏移，并进入状态 101

    $default  使用规则 49 以归约 (Dec)


状态 103

   47 DecList: Dec COMMA DecList .

    $default  使用规则 47 以归约 (DecList)


状态 104

   79 Exp: ID LP error . RP

    RP  偏移，并进入状态 134


状态 105

   62 Exp: ID LP RP .

    $default  使用规则 62 以归约 (Exp)


状态 106

   50 Exp: Exp . ASSIGNOP Exp
   51    | Exp . AND Exp
   52    | Exp . OR Exp
   53    | Exp . RELOP Exp
   54    | Exp . PLUS Exp
   55    | Exp . MINUS Exp
   56    | Exp . STAR Exp
   57    | Exp . DIV Exp
   63    | Exp . LB Exp RB
   64    | Exp . DOT ID
   68    | Exp . ASSIGNOP error
   69    | Exp . AND error
   70    | Exp . OR error
   71    | Exp . RELOP error
   72    | Exp . PLUS error
   73    | Exp . MINUS error
   74    | Exp . STAR error
   75    | Exp . DIV error
   80    | Exp . LB error RB
   81 Args: Exp . COMMA Args
   82     | Exp .

    COMMA     偏移，并进入状态 135
    ASSIGNOP  偏移，并进入状态 92
    RELOP     偏移，并进入状态 93
    PLUS      偏移，并进入状态 94
    MINUS     偏移，并进入状态 95
    STAR      偏移，并进入状态 96
    DIV       偏移，并进入状态 97
    AND       偏移，并进入状态 98
    OR        偏移，并进入状态 99
    DOT       偏移，并进入状态 100
    LB        偏移，并进入状态 101

    $default  使用规则 82 以归约 (Args)


状态 107

   61 Exp: ID LP Args . RP

    RP  偏移，并进入状态 136


状态 108

   76 Exp: LP error RP .

    $default  使用规则 76 以归约 (Exp)


状态 109

   58 Exp: LP Exp RP .

    $default  使用规则 58 以归约 (Exp)


状态 110

   39 Stmt: RETURN error SEMI .

    $default  使用规则 39 以归约 (Stmt)


状态 111

   38 Stmt: RETURN Exp error .

    $default  使用规则 38 以归约 (Stmt)


状态 112

   34 Stmt: RETURN Exp SEMI .

    $default  使用规则 34 以归约 (Stmt)


状态 113

   35 Stmt: IF LP Exp . RP Stmt
   36     | IF LP Exp . RP Stmt ELSE Stmt
   50 Exp: Exp . ASSIGNOP Exp
   51    | Exp . AND Exp
   52    | Exp . OR Exp
   53    | Exp . RELOP Exp
   54    | Exp . PLUS Exp
   55    | Exp . MINUS Exp
   56    | Exp . STAR Exp
   57    | Exp . DIV Exp
   63    | Exp . LB Exp RB
   64    | Exp . DOT ID
   68    | Exp . ASSIGNOP error
   69    | Exp . AND error
   70    | Exp . OR error
   71    | Exp . RELOP error
   72    | Exp . PLUS error
   73    | Exp . MINUS error
   74    | Exp . STAR error
   75    | Exp . DIV error
   80    | Exp . LB error RB

    ASSIGNOP  偏移，并进入状态 92
    RELOP     偏移，并进入状态 93
    PLUS      偏移，并进入状态 94
    MINUS     偏移，并进入状态 95
    STAR      偏移，并进入状态 96
    DIV       偏移，并进入状态 97
    AND       偏移，并进入状态 98
    OR        偏移，并进入状态 99
    DOT       偏移，并进入状态 100
    RP        偏移，并进入状态 137
    LB        偏移，并进入状态 101


状态 114

   37 Stmt: WHILE LP Exp . RP Stmt
   41     | WHILE LP Exp . RP error SEMI
   50 Exp: Exp . ASSIGNOP Exp
   51    | Exp . AND Exp
   52    | Exp . OR Exp
   53    | Exp . RELOP Exp
   54    | Exp . PLUS Exp
   55    | Exp . MINUS Exp
   56    | Exp . STAR Exp
   57    | Exp . DIV Exp
   63    | Exp . LB Exp RB
   64    | Exp . DOT ID
   68    | Exp . ASSIGNOP error
   69    | Exp . AND error
   70    | Exp . OR error
   71    | Exp . RELOP error
   72    | Exp . PLUS error
   73    | Exp . MINUS error
   74    | Exp . STAR error
   75    | Exp . DIV error
   80    | Exp . LB error RB

    ASSIGNOP  偏移，并进入状态 92
    RELOP     偏移，并进入状态 93
    PLUS      偏移，并进入状态 94
    MINUS     偏移，并进入状态 95
    STAR      偏移，并进入状态 96
    DIV       偏移，并进入状态 97
    AND       偏移，并进入状态 98
    OR        偏移，并进入状态 99
    DOT       偏移，并进入状态 100
    RP        偏移，并进入状态 138
    LB        偏移，并进入状态 101


状态 115

   68 Exp: Exp ASSIGNOP error .

    $default  使用规则 68 以归约 (Exp)


状态 116

   50 Exp: Exp . ASSIGNOP Exp
   50    | Exp ASSIGNOP Exp .
   51    | Exp . AND Exp
   52    | Exp . OR Exp
   53    | Exp . RELOP Exp
   54    | Exp . PLUS Exp
   55    | Exp . MINUS Exp
   56    | Exp . STAR Exp
   57    | Exp . DIV Exp
   63    | Exp . LB Exp RB
   64    | Exp . DOT ID
   68    | Exp . ASSIGNOP error
   69    | Exp . AND error
   70    | Exp . OR error
   71    | Exp . RELOP error
   72    | Exp . PLUS error
   73    | Exp . MINUS error
   74    | Exp . STAR error
   75    | Exp . DIV error
   80    | Exp . LB error RB

    ASSIGNOP  偏移，并进入状态 92
    RELOP     偏移，并进入状态 93
    PLUS      偏移，并进入状态 94
    MINUS     偏移，并进入状态 95
    STAR      偏移，并进入状态 96
    DIV       偏移，并进入状态 97
    AND       偏移，并进入状态 98
    OR        偏移，并进入状态 99
    DOT       偏移，并进入状态 100
    LB        偏移，并进入状态 101

    $default  使用规则 50 以归约 (Exp)


状态 117

   71 Exp: Exp RELOP error .

    $default  使用规则 71 以归约 (Exp)


状态 118

   50 Exp: Exp . ASSIGNOP Exp
   51    | Exp . AND Exp
   52    | Exp . OR Exp
   53    | Exp . RELOP Exp
   53    | Exp RELOP Exp .
   54    | Exp . PLUS Exp
   55    | Exp . MINUS Exp
   56    | Exp . STAR Exp
   57    | Exp . DIV Exp
   63    | Exp . LB Exp RB
   64    | Exp . DOT ID
   68    | Exp . ASSIGNOP error
   69    | Exp . AND error
   70    | Exp . OR error
   71    | Exp . RELOP error
   72    | Exp . PLUS error
   73    | Exp . MINUS error
   74    | Exp . STAR error
   75    | Exp . DIV error
   80    | Exp . LB error RB

    PLUS   偏移，并进入状态 94
    MINUS  偏移，并进入状态 95
    STAR   偏移，并进入状态 96
    DIV    偏移，并进入状态 97
    DOT    偏移，并进入状态 100
    LB     偏移，并进入状态 101

    $default  使用规则 53 以归约 (Exp)


状态 119

   72 Exp: Exp PLUS error .

    $default  使用规则 72 以归约 (Exp)


状态 120

   50 Exp: Exp . ASSIGNOP Exp
   51    | Exp . AND Exp
   52    | Exp . OR Exp
   53    | Exp . RELOP Exp
   54    | Exp . PLUS Exp
   54    | Exp PLUS Exp .
   55    | Exp . MINUS Exp
   56    | Exp . STAR Exp
   57    | Exp . DIV Exp
   63    | Exp . LB Exp RB
   64    | Exp . DOT ID
   68    | Exp . ASSIGNOP error
   69    | Exp . AND error
   70    | Exp . OR error
   71    | Exp . RELOP error
   72    | Exp . PLUS error
   73    | Exp . MINUS error
   74    | Exp . STAR error
   75    | Exp . DIV error
   80    | Exp . LB error RB

    STAR  偏移，并进入状态 96
    DIV   偏移，并进入状态 97
    DOT   偏移，并进入状态 100
    LB    偏移，并进入状态 101

    $default  使用规则 54 以归约 (Exp)


状态 121

   73 Exp: Exp MINUS error .

    $default  使用规则 73 以归约 (Exp)


状态 122

   50 Exp: Exp . ASSIGNOP Exp
   51    | Exp . AND Exp
   52    | Exp . OR Exp
   53    | Exp . RELOP Exp
   54    | Exp . PLUS Exp
   55    | Exp . MINUS Exp
   55    | Exp MINUS Exp .
   56    | Exp . STAR Exp
   57    | Exp . DIV Exp
   63    | Exp . LB Exp RB
   64    | Exp . DOT ID
   68    | Exp . ASSIGNOP error
   69    | Exp . AND error
   70    | Exp . OR error
   71    | Exp . RELOP error
   72    | Exp . PLUS error
   73    | Exp . MINUS error
   74    | Exp . STAR error
   75    | Exp . DIV error
   80    | Exp . LB error RB

    STAR  偏移，并进入状态 96
    DIV   偏移，并进入状态 97
    DOT   偏移，并进入状态 100
    LB    偏移，并进入状态 101

    $default  使用规则 55 以归约 (Exp)


状态 123

   74 Exp: Exp STAR error .

    $default  使用规则 74 以归约 (Exp)


状态 124

   50 Exp: Exp . ASSIGNOP Exp
   51    | Exp . AND Exp
   52    | Exp . OR Exp
   53    | Exp . RELOP Exp
   54    | Exp . PLUS Exp
   55    | Exp . MINUS Exp
   56    | Exp . STAR Exp
   56    | Exp STAR Exp .
   57    | Exp . DIV Exp
   63    | Exp . LB Exp RB
   64    | Exp . DOT ID
   68    | Exp . ASSIGNOP error
   69    | Exp . AND error
   70    | Exp . OR error
   71    | Exp . RELOP error
   72    | Exp . PLUS error
   73    | Exp . MINUS error
   74    | Exp . STAR error
   75    | Exp . DIV error
   80    | Exp . LB error RB

    DOT  偏移，并进入状态 100
    LB   偏移，并进入状态 101

    $default  使用规则 56 以归约 (Exp)


状态 125

   75 Exp: Exp DIV error .

    $default  使用规则 75 以归约 (Exp)


状态 126

   50 Exp: Exp . ASSIGNOP Exp
   51    | Exp . AND Exp
   52    | Exp . OR Exp
   53    | Exp . RELOP Exp
   54    | Exp . PLUS Exp
   55    | Exp . MINUS Exp
   56    | Exp . STAR Exp
   57    | Exp . DIV Exp
   57    | Exp DIV Exp .
   63    | Exp . LB Exp RB
   64    | Exp . DOT ID
   68    | Exp . ASSIGNOP error
   69    | Exp . AND error
   70    | Exp . OR error
   71    | Exp . RELOP error
   72    | Exp . PLUS error
   73    | Exp . MINUS error
   74    | Exp . STAR error
   75    | Exp . DIV error
   80    | Exp . LB error RB

    DOT  偏移，并进入状态 100
    LB   偏移，并进入状态 101

    $default  使用规则 57 以归约 (Exp)


状态 127

   69 Exp: Exp AND error .

    $default  使用规则 69 以归约 (Exp)


状态 128

   50 Exp: Exp . ASSIGNOP Exp
   51    | Exp . AND Exp
   51    | Exp AND Exp .
   52    | Exp . OR Exp
   53    | Exp . RELOP Exp
   54    | Exp . PLUS Exp
   55    | Exp . MINUS Exp
   56    | Exp . STAR Exp
   57    | Exp . DIV Exp
   63    | Exp . LB Exp RB
   64    | Exp . DOT ID
   68    | Exp . ASSIGNOP error
   69    | Exp . AND error
   70    | Exp . OR error
   71    | Exp . RELOP error
   72    | Exp . PLUS error
   73    | Exp . MINUS error
   74    | Exp . STAR error
   75    | Exp . DIV error
   80    | Exp . LB error RB

    RELOP  偏移，并进入状态 93
    PLUS   偏移，并进入状态 94
    MINUS  偏移，并进入状态 95
    STAR   偏移，并进入状态 96
    DIV    偏移，并进入状态 97
    DOT    偏移，并进入状态 100
    LB     偏移，并进入状态 101

    $default  使用规则 51 以归约 (Exp)


状态 129

   70 Exp: Exp OR error .

    $default  使用规则 70 以归约 (Exp)


状态 130

   50 Exp: Exp . ASSIGNOP Exp
   51    | Exp . AND Exp
   52    | Exp . OR Exp
   52    | Exp OR Exp .
   53    | Exp . RELOP Exp
   54    | Exp . PLUS Exp
   55    | Exp . MINUS Exp
   56    | Exp . STAR Exp
   57    | Exp . DIV Exp
   63    | Exp . LB Exp RB
   64    | Exp . DOT ID
   68    | Exp . ASSIGNOP error
   69    | Exp . AND error
   70    | Exp . OR error
   71    | Exp . RELOP error
   72    | Exp . PLUS error
   73    | Exp . MINUS error
   74    | Exp . STAR error
   75    | Exp . DIV error
   80    | Exp . LB error RB

    RELOP  偏移，并进入状态 93
    PLUS   偏移，并进入状态 94
    MINUS  偏移，并进入状态 95
    STAR   偏移，并进入状态 96
    DIV    偏移，并进入状态 97
    AND    偏移，并进入状态 98
    DOT    偏移，并进入状态 100
    LB     偏移，并进入状态 101

    $default  使用规则 52 以归约 (Exp)


状态 131

   64 Exp: Exp DOT ID .

    $default  使用规则 64 以归约 (Exp)


状态 132

   80 Exp: Exp LB error . RB

    RB  偏移，并进入状态 139


状态 133

   50 Exp: Exp . ASSIGNOP Exp
   51    | Exp . AND Exp
   52    | Exp . OR Exp
   53    | Exp . RELOP Exp
   54    | Exp . PLUS Exp
   55    | Exp . MINUS Exp
   56    | Exp . STAR Exp
   57    | Exp . DIV Exp
   63    | Exp . LB Exp RB
   63    | Exp LB Exp . RB
   64    | Exp . DOT ID
   68    | Exp . ASSIGNOP error
   69    | Exp . AND error
   70    | Exp . OR error
   71    | Exp . RELOP error
   72    | Exp . PLUS error
   73    | Exp . MINUS error
   74    | Exp . STAR error
   75    | Exp . DIV error
   80    | Exp . LB error RB

    ASSIGNOP  偏移，并进入状态 92
    RELOP     偏移，并进入状态 93
    PLUS      偏移，并进入状态 94
    MINUS     偏移，并进入状态 95
    STAR      偏移，并进入状态 96
    DIV       偏移，并进入状态 97
    AND       偏移，并进入状态 98
    OR        偏移，并进入状态 99
    DOT       偏移，并进入状态 100
    LB        偏移，并进入状态 101
    RB        偏移，并进入状态 140


状态 134

   79 Exp: ID LP error RP .

    $default  使用规则 79 以归约 (Exp)


状态 135

   81 Args: Exp COMMA . Args

    INT    偏移，并进入状态 60
    FLOAT  偏移，并进入状态 61
    ID     偏移，并进入状态 62
    MINUS  偏移，并进入状态 63
    NOT    偏移，并进入状态 64
    LP     偏移，并进入状态 65

    Exp   转到状态 106
    Args  转到状态 141


状态 136

   61 Exp: ID LP Args RP .

    $default  使用规则 61 以归约 (Exp)


状态 137

   35 Stmt: IF LP Exp RP . Stmt
   36     | IF LP Exp RP . Stmt ELSE Stmt

    INT     偏移，并进入状态 60
    FLOAT   偏移，并进入状态 61
    ID      偏移，并进入状态 62
    MINUS   偏移，并进入状态 63
    NOT     偏移，并进入状态 64
    LP      偏移，并进入状态 65
    LC      偏移，并进入状态 28
    RETURN  偏移，并进入状态 66
    IF      偏移，并进入状态 67
    WHILE   偏移，并进入状态 68

    CompSt  转到状态 69
    Stmt    转到状态 142
    Exp     转到状态 72


状态 138

   37 Stmt: WHILE LP Exp RP . Stmt
   41     | WHILE LP Exp RP . error SEMI

    error   偏移，并进入状态 143
    INT     偏移，并进入状态 60
    FLOAT   偏移，并进入状态 61
    ID      偏移，并进入状态 62
    MINUS   偏移，并进入状态 63
    NOT     偏移，并进入状态 64
    LP      偏移，并进入状态 65
    LC      偏移，并进入状态 28
    RETURN  偏移，并进入状态 66
    IF      偏移，并进入状态 67
    WHILE   偏移，并进入状态 68

    CompSt  转到状态 69
    Stmt    转到状态 144
    Exp     转到状态 72


状态 139

   80 Exp: Exp LB error RB .

    $default  使用规则 80 以归约 (Exp)


状态 140

   63 Exp: Exp LB Exp RB .

    $default  使用规则 63 以归约 (Exp)


状态 141

   81 Args: Exp COMMA Args .

    $default  使用规则 81 以归约 (Args)


状态 142

   35 Stmt: IF LP Exp RP Stmt .
   36     | IF LP Exp RP Stmt . ELSE Stmt

    ELSE  偏移，并进入状态 145

    $default  使用规则 35 以归约 (Stmt)


状态 143

   41 Stmt: WHILE LP Exp RP error . SEMI

    SEMI  偏移，并进入状态 146


状态 144

   37 Stmt: WHILE LP Exp RP Stmt .

    $default  使用规则 37 以归约 (Stmt)


状态 145

   36 Stmt: IF LP Exp RP Stmt ELSE . Stmt

    INT     偏移，并进入状态 60
    FLOAT   偏移，并进入状态 61
    ID      偏移，并进入状态 62
    MINUS   偏移，并进入状态 63
    NOT     偏移，并进入状态 64
    LP      偏移，并进入状态 65
    LC      偏移，并进入状态 28
    RETURN  偏移，并进入状态 66
    IF      偏移，并进入状态 67
    WHILE   偏移，并进入状态 68

    CompSt  转到状态 69
    Stmt    转到状态 147
    Exp     转到状态 72


状态 146

   41 Stmt: WHILE LP Exp RP error SEMI .

    $default  使用规则 41 以归约 (Stmt)


状态 147

   36 Stmt: IF LP Exp RP Stmt ELSE Stmt .

    $default  使用规则 36 以归约 (Stmt)
