语法

    0 $accept: Program $end

    1 Program: ExtDefList

    2 ExtDefList: ExtDef ExtDefList
    3           | %empty

    4 ExtDef: Specifier ExtDecList SEMI
    5       | Specifier SEMI
    6       | Specifier FunDec CompSt
    7       | Specifier FunDec SEMI
    8       | error SEMI

    9 ExtDecList: VarDec
   10           | VarDec COMMA ExtDecList
   11           | VarDec error SEMI

   12 Specifier: TYPE
   13          | StructSpecifier

   14 StructSpecifier: STRUCT OptTag LC DefList RC
   15                | STRUCT Tag

   16 OptTag: ID
   17       | %empty

   18 Tag: ID

   19 VarDec: ID
   20       | VarDec LB INT RB
   21       | VarDec LB error RB
   22       | VarDec LB INT error

   23 FunDec: ID LP VarList RP
   24       | ID LP RP
   25       | ID LP error RP
   26       | error LP VarList RP

   27 VarList: ParamDec COMMA VarList
   28        | ParamDec

   29 ParamDec: Specifier VarDec

   30 CompSt: LC DefList StmtList RC

   31 StmtList: Stmt StmtList
   32         | %empty

   33 Stmt: Exp SEMI
   34     | CompSt
   35     | RETURN Exp SEMI
   36     | IF LP Exp RP Stmt
   37     | IF LP Exp RP Stmt ELSE Stmt
   38     | WHILE LP Exp RP Stmt
   39     | RETURN Exp error
   40     | RETURN error SEMI
   41     | Exp error
   42     | WHILE LP Exp RP error SEMI

   43 DefList: Def DefList
   44        | %empty

   45 Def: Specifier DecList SEMI
   46    | error SEMI

   47 DecList: Dec
   48        | Dec COMMA DecList

   49 Dec: VarDec
   50    | VarDec ASSIGNOP Exp

   51 Exp: Exp ASSIGNOP Exp
   52    | Exp AND Exp
   53    | Exp OR Exp
   54    | Exp RELOP Exp
   55    | Exp PLUS Exp
   56    | Exp MINUS Exp
   57    | Exp STAR Exp
   58    | Exp DIV Exp
   59    | LP Exp RP
   60    | MINUS Exp
   61    | NOT Exp
   62    | ID LP Args RP
   63    | ID LP RP
   64    | Exp LB Exp RB
   65    | Exp DOT ID
   66    | ID
   67    | INT
   68    | FLOAT
   69    | Exp ASSIGNOP error
   70    | Exp AND error
   71    | Exp OR error
   72    | Exp RELOP error
   73    | Exp PLUS error
   74    | Exp MINUS error
   75    | Exp STAR error
   76    | Exp DIV error
   77    | LP error RP
   78    | MINUS error
   79    | NOT error
   80    | ID LP error RP
   81    | Exp LB error RB

   82 Args: Exp COMMA Args
   83     | Exp


终结语词，附有它们出现处的规则

    $end (0) 0
    error (256) 8 11 21 22 25 26 39 40 41 42 46 69 70 71 72 73 74 75 76 77 78 79 80 81
    INT (258) 20 22 67
    FLOAT (259) 68
    ID (260) 16 18 19 23 24 25 62 63 65 66 80
    SEMI (261) 4 5 7 8 11 33 35 40 42 45 46
    COMMA (262) 10 27 48 82
    ASSIGNOP (263) 50 51 69
    RELOP (264) 54 72
    PLUS (265) 55 73
    MINUS (266) 56 60 74 78
    STAR (267) 57 75
    DIV (268) 58 76
    AND (269) 52 70
    OR (270) 53 71
    DOT (271) 65
    NOT (272) 61 79
    TYPE (273) 12
    LP (274) 23 24 25 26 36 37 38 42 59 62 63 77 80
    RP (275) 23 24 25 26 36 37 38 42 59 62 63 77 80
    LB (276) 20 21 22 64 81
    RB (277) 20 21 64 81
    LC (278) 14 30
    RC (279) 14 30
    STRUCT (280) 14 15
    RETURN (281) 35 39 40
    IF (282) 36 37
    ELSE (283) 37
    WHILE (284) 38 42


非终结语词，附有它们出现处的规则

    $accept (30)
        on left: 0
    Program (31)
        on left: 1
        on right: 0
    ExtDefList (32)
        on left: 2 3
        on right: 1 2
    ExtDef (33)
        on left: 4 5 6 7 8
        on right: 2
    ExtDecList (34)
        on left: 9 10 11
        on right: 4 10
    Specifier (35)
        on left: 12 13
        on right: 4 5 6 7 29 45
    StructSpecifier (36)
        on left: 14 15
        on right: 13
    OptTag (37)
        on left: 16 17
        on right: 14
    Tag (38)
        on left: 18
        on right: 15
    VarDec (39)
        on left: 19 20 21 22
        on right: 9 10 11 20 21 22 29 49 50
    FunDec (40)
        on left: 23 24 25 26
        on right: 6 7
    VarList (41)
        on left: 27 28
        on right: 23 26 27
    ParamDec (42)
        on left: 29
        on right: 27 28
    CompSt (43)
        on left: 30
        on right: 6 34
    StmtList (44)
        on left: 31 32
        on right: 30 31
    Stmt (45)
        on left: 33 34 35 36 37 38 39 40 41 42
        on right: 31 36 37 38
    DefList (46)
        on left: 43 44
        on right: 14 30 43
    Def (47)
        on left: 45 46
        on right: 43
    DecList (48)
        on left: 47 48
        on right: 45 48
    Dec (49)
        on left: 49 50
        on right: 47 48
    Exp (50)
        on left: 51 52 53 54 55 56 57 58 59 60 61 62 63 64 65 66 67 68 69 70 71 72 73 74 75 76 77 78 79 80 81
        on right: 33 35 36 37 38 39 41 42 50 51 52 53 54 55 56 57 58 59 60 61 64 65 69 70 71 72 73 74 75 76 81 82 83
    Args (51)
        on left: 82 83
        on right: 62 82


状态 0

    0 $accept: . Program $end

    error   偏移，并进入状态 1
    TYPE    偏移，并进入状态 2
    STRUCT  偏移，并进入状态 3

    $end  使用规则 3 以归约 (ExtDefList)

    Program          转到状态 4
    ExtDefList       转到状态 5
    ExtDef           转到状态 6
    Specifier        转到状态 7
    StructSpecifier  转到状态 8


状态 1

    8 ExtDef: error . SEMI

    SEMI  偏移，并进入状态 9


状态 2

   12 Specifier: TYPE .

    $default  使用规则 12 以归约 (Specifier)


状态 3

   14 StructSpecifier: STRUCT . OptTag LC DefList RC
   15                | STRUCT . Tag

    ID  偏移，并进入状态 10

    $default  使用规则 17 以归约 (OptTag)

    OptTag  转到状态 11
    Tag     转到状态 12


状态 4

    0 $accept: Program . $end

    $end  偏移，并进入状态 13


状态 5

    1 Program: ExtDefList .

    $default  使用规则 1 以归约 (Program)


状态 6

    2 ExtDefList: ExtDef . ExtDefList

    error   偏移，并进入状态 1
    TYPE    偏移，并进入状态 2
    STRUCT  偏移，并进入状态 3

    $end  使用规则 3 以归约 (ExtDefList)

    ExtDefList       转到状态 14
    ExtDef           转到状态 6
    Specifier        转到状态 7
    StructSpecifier  转到状态 8


状态 7

    4 ExtDef: Specifier . ExtDecList SEMI
    5       | Specifier . SEMI
    6       | Specifier . FunDec CompSt
    7       | Specifier . FunDec SEMI

    error  偏移，并进入状态 15
    ID     偏移，并进入状态 16
    SEMI   偏移，并进入状态 17

    ExtDecList  转到状态 18
    VarDec      转到状态 19
    FunDec      转到状态 20


状态 8

   13 Specifier: StructSpecifier .

    $default  使用规则 13 以归约 (Specifier)


状态 9

    8 ExtDef: error SEMI .

    $default  使用规则 8 以归约 (ExtDef)


状态 10

   16 OptTag: ID .
   18 Tag: ID .

    LC        使用规则 16 以归约 (OptTag)
    $default  使用规则 18 以归约 (Tag)


状态 11

   14 StructSpecifier: STRUCT OptTag . LC DefList RC

    LC  偏移，并进入状态 21


状态 12

   15 StructSpecifier: STRUCT Tag .

    $default  使用规则 15 以归约 (StructSpecifier)


状态 13

    0 $accept: Program $end .

    $default  接受


状态 14

    2 ExtDefList: ExtDef ExtDefList .

    $default  使用规则 2 以归约 (ExtDefList)


状态 15

   26 FunDec: error . LP VarList RP

    LP  偏移，并进入状态 22


状态 16

   19 VarDec: ID .
   23 FunDec: ID . LP VarList RP
   24       | ID . LP RP
   25       | ID . LP error RP

    LP  偏移，并进入状态 23

    $default  使用规则 19 以归约 (VarDec)


状态 17

    5 ExtDef: Specifier SEMI .

    $default  使用规则 5 以归约 (ExtDef)


状态 18

    4 ExtDef: Specifier ExtDecList . SEMI

    SEMI  偏移，并进入状态 24


状态 19

    9 ExtDecList: VarDec .
   10           | VarDec . COMMA ExtDecList
   11           | VarDec . error SEMI
   20 VarDec: VarDec . LB INT RB
   21       | VarDec . LB error RB
   22       | VarDec . LB INT error

    error  偏移，并进入状态 25
    COMMA  偏移，并进入状态 26
    LB     偏移，并进入状态 27

    SEMI  使用规则 9 以归约 (ExtDecList)


状态 20

    6 ExtDef: Specifier FunDec . CompSt
    7       | Specifier FunDec . SEMI

    SEMI  偏移，并进入状态 28
    LC    偏移，并进入状态 29

    CompSt  转到状态 30


状态 21

   14 StructSpecifier: STRUCT OptTag LC . DefList RC

    error   偏移，并进入状态 31
    TYPE    偏移，并进入状态 2
    STRUCT  偏移，并进入状态 3

    RC  使用规则 44 以归约 (DefList)

    Specifier        转到状态 32
    StructSpecifier  转到状态 8
    DefList          转到状态 33
    Def              转到状态 34


状态 22

   26 FunDec: error LP . VarList RP

    TYPE    偏移，并进入状态 2
    STRUCT  偏移，并进入状态 3

    Specifier        转到状态 35
    StructSpecifier  转到状态 8
    VarList          转到状态 36
    ParamDec         转到状态 37


状态 23

   23 FunDec: ID LP . VarList RP
   24       | ID LP . RP
   25       | ID LP . error RP

    error   偏移，并进入状态 38
    TYPE    偏移，并进入状态 2
    RP      偏移，并进入状态 39
    STRUCT  偏移，并进入状态 3

    Specifier        转到状态 35
    StructSpecifier  转到状态 8
    VarList          转到状态 40
    ParamDec         转到状态 37


状态 24

    4 ExtDef: Specifier ExtDecList SEMI .

    $default  使用规则 4 以归约 (ExtDef)


状态 25

   11 ExtDecList: VarDec error . SEMI

    SEMI  偏移，并进入状态 41


状态 26

   10 ExtDecList: VarDec COMMA . ExtDecList

    ID  偏移，并进入状态 42

    ExtDecList  转到状态 43
    VarDec      转到状态 19


状态 27

   20 VarDec: VarDec LB . INT RB
   21       | VarDec LB . error RB
   22       | VarDec LB . INT error

    error  偏移，并进入状态 44
    INT    偏移，并进入状态 45


状态 28

    7 ExtDef: Specifier FunDec SEMI .

    $default  使用规则 7 以归约 (ExtDef)


状态 29

   30 CompSt: LC . DefList StmtList RC

    error   偏移，并进入状态 31
    TYPE    偏移，并进入状态 2
    STRUCT  偏移，并进入状态 3

    INT     使用规则 44 以归约 (DefList)
    FLOAT   使用规则 44 以归约 (DefList)
    ID      使用规则 44 以归约 (DefList)
    MINUS   使用规则 44 以归约 (DefList)
    NOT     使用规则 44 以归约 (DefList)
    LP      使用规则 44 以归约 (DefList)
    LC      使用规则 44 以归约 (DefList)
    RC      使用规则 44 以归约 (DefList)
    RETURN  使用规则 44 以归约 (DefList)
    IF      使用规则 44 以归约 (DefList)
    WHILE   使用规则 44 以归约 (DefList)

    Specifier        转到状态 32
    StructSpecifier  转到状态 8
    DefList          转到状态 46
    Def              转到状态 34


状态 30

    6 ExtDef: Specifier FunDec CompSt .

    $default  使用规则 6 以归约 (ExtDef)


状态 31

   46 Def: error . SEMI

    SEMI  偏移，并进入状态 47


状态 32

   45 Def: Specifier . DecList SEMI

    ID  偏移，并进入状态 42

    VarDec   转到状态 48
    DecList  转到状态 49
    Dec      转到状态 50


状态 33

   14 StructSpecifier: STRUCT OptTag LC DefList . RC

    RC  偏移，并进入状态 51


状态 34

   43 DefList: Def . DefList

    error   偏移，并进入状态 31
    TYPE    偏移，并进入状态 2
    STRUCT  偏移，并进入状态 3

    INT     使用规则 44 以归约 (DefList)
    FLOAT   使用规则 44 以归约 (DefList)
    ID      使用规则 44 以归约 (DefList)
    MINUS   使用规则 44 以归约 (DefList)
    NOT     使用规则 44 以归约 (DefList)
    LP      使用规则 44 以归约 (DefList)
    LC      使用规则 44 以归约 (DefList)
    RC      使用规则 44 以归约 (DefList)
    RETURN  使用规则 44 以归约 (DefList)
    IF      使用规则 44 以归约 (DefList)
    WHILE   使用规则 44 以归约 (DefList)

    Specifier        转到状态 32
    StructSpecifier  转到状态 8
    DefList          转到状态 52
    Def              转到状态 34


状态 35

   29 ParamDec: Specifier . VarDec

    ID  偏移，并进入状态 42

    VarDec  转到状态 53


状态 36

   26 FunDec: error LP VarList . RP

    RP  偏移，并进入状态 54


状态 37

   27 VarList: ParamDec . COMMA VarList
   28        | ParamDec .

    COMMA  偏移，并进入状态 55

    $default  使用规则 28 以归约 (VarList)


状态 38

   25 FunDec: ID LP error . RP

    RP  偏移，并进入状态 56


状态 39

   24 FunDec: ID LP RP .

    $default  使用规则 24 以归约 (FunDec)


状态 40

   23 FunDec: ID LP VarList . RP

    RP  偏移，并进入状态 57


状态 41

   11 ExtDecList: VarDec error SEMI .

    $default  使用规则 11 以归约 (ExtDecList)


状态 42

   19 VarDec: ID .

    $default  使用规则 19 以归约 (VarDec)


状态 43

   10 ExtDecList: VarDec COMMA ExtDecList .

    $default  使用规则 10 以归约 (ExtDecList)


状态 44

   21 VarDec: VarDec LB error . RB

    RB  偏移，并进入状态 58


状态 45

   20 VarDec: VarDec LB INT . RB
   22       | VarDec LB INT . error

    error  偏移，并进入状态 59
    RB     偏移，并进入状态 60


状态 46

   30 CompSt: LC DefList . StmtList RC

    INT     偏移，并进入状态 61
    FLOAT   偏移，并进入状态 62
    ID      偏移，并进入状态 63
    MINUS   偏移，并进入状态 64
    NOT     偏移，并进入状态 65
    LP      偏移，并进入状态 66
    LC      偏移，并进入状态 29
    RETURN  偏移，并进入状态 67
    IF      偏移，并进入状态 68
    WHILE   偏移，并进入状态 69

    $default  使用规则 32 以归约 (StmtList)

    CompSt    转到状态 70
    StmtList  转到状态 71
    Stmt      转到状态 72
    Exp       转到状态 73


状态 47

   46 Def: error SEMI .

    $default  使用规则 46 以归约 (Def)


状态 48

   20 VarDec: VarDec . LB INT RB
   21       | VarDec . LB error RB
   22       | VarDec . LB INT error
   49 Dec: VarDec .
   50    | VarDec . ASSIGNOP Exp

    ASSIGNOP  偏移，并进入状态 74
    LB        偏移，并进入状态 27

    $default  使用规则 49 以归约 (Dec)


状态 49

   45 Def: Specifier DecList . SEMI

    SEMI  偏移，并进入状态 75


状态 50

   47 DecList: Dec .
   48        | Dec . COMMA DecList

    COMMA  偏移，并进入状态 76

    $default  使用规则 47 以归约 (DecList)


状态 51

   14 StructSpecifier: STRUCT OptTag LC DefList RC .

    $default  使用规则 14 以归约 (StructSpecifier)


状态 52

   43 DefList: Def DefList .

    $default  使用规则 43 以归约 (DefList)


状态 53

   20 VarDec: VarDec . LB INT RB
   21       | VarDec . LB error RB
   22       | VarDec . LB INT error
   29 ParamDec: Specifier VarDec .

    LB  偏移，并进入状态 27

    $default  使用规则 29 以归约 (ParamDec)


状态 54

   26 FunDec: error LP VarList RP .

    $default  使用规则 26 以归约 (FunDec)


状态 55

   27 VarList: ParamDec COMMA . VarList

    TYPE    偏移，并进入状态 2
    STRUCT  偏移，并进入状态 3

    Specifier        转到状态 35
    StructSpecifier  转到状态 8
    VarList          转到状态 77
    ParamDec         转到状态 37


状态 56

   25 FunDec: ID LP error RP .

    $default  使用规则 25 以归约 (FunDec)


状态 57

   23 FunDec: ID LP VarList RP .

    $default  使用规则 23 以归约 (FunDec)


状态 58

   21 VarDec: VarDec LB error RB .

    $default  使用规则 21 以归约 (VarDec)


状态 59

   22 VarDec: VarDec LB INT error .

    $default  使用规则 22 以归约 (VarDec)


状态 60

   20 VarDec: VarDec LB INT RB .

    $default  使用规则 20 以归约 (VarDec)


状态 61

   67 Exp: INT .

    $default  使用规则 67 以归约 (Exp)


状态 62

   68 Exp: FLOAT .

    $default  使用规则 68 以归约 (Exp)


状态 63

   62 Exp: ID . LP Args RP
   63    | ID . LP RP
   66    | ID .
   80    | ID . LP error RP

    LP  偏移，并进入状态 78

    $default  使用规则 66 以归约 (Exp)


状态 64

   60 Exp: MINUS . Exp
   78    | MINUS . error

    error  偏移，并进入状态 79
    INT    偏移，并进入状态 61
    FLOAT  偏移，并进入状态 62
    ID     偏移，并进入状态 63
    MINUS  偏移，并进入状态 64
    NOT    偏移，并进入状态 65
    LP     偏移，并进入状态 66

    Exp  转到状态 80


状态 65

   61 Exp: NOT . Exp
   79    | NOT . error

    error  偏移，并进入状态 81
    INT    偏移，并进入状态 61
    FLOAT  偏移，并进入状态 62
    ID     偏移，并进入状态 63
    MINUS  偏移，并进入状态 64
    NOT    偏移，并进入状态 65
    LP     偏移，并进入状态 66

    Exp  转到状态 82


状态 66

   59 Exp: LP . Exp RP
   77    | LP . error RP

    error  偏移，并进入状态 83
    INT    偏移，并进入状态 61
    FLOAT  偏移，并进入状态 62
    ID     偏移，并进入状态 63
    MINUS  偏移，并进入状态 64
    NOT    偏移，并进入状态 65
    LP     偏移，并进入状态 66

    Exp  转到状态 84


状态 67

   35 Stmt: RETURN . Exp SEMI
   39     | RETURN . Exp error
   40     | RETURN . error SEMI

    error  偏移，并进入状态 85
    INT    偏移，并进入状态 61
    FLOAT  偏移，并进入状态 62
    ID     偏移，并进入状态 63
    MINUS  偏移，并进入状态 64
    NOT    偏移，并进入状态 65
    LP     偏移，并进入状态 66

    Exp  转到状态 86


状态 68

   36 Stmt: IF . LP Exp RP Stmt
   37     | IF . LP Exp RP Stmt ELSE Stmt

    LP  偏移，并进入状态 87


状态 69

   38 Stmt: WHILE . LP Exp RP Stmt
   42     | WHILE . LP Exp RP error SEMI

    LP  偏移，并进入状态 88


状态 70

   34 Stmt: CompSt .

    $default  使用规则 34 以归约 (Stmt)


状态 71

   30 CompSt: LC DefList StmtList . RC

    RC  偏移，并进入状态 89


状态 72

   31 StmtList: Stmt . StmtList

    INT     偏移，并进入状态 61
    FLOAT   偏移，并进入状态 62
    ID      偏移，并进入状态 63
    MINUS   偏移，并进入状态 64
    NOT     偏移，并进入状态 65
    LP      偏移，并进入状态 66
    LC      偏移，并进入状态 29
    RETURN  偏移，并进入状态 67
    IF      偏移，并进入状态 68
    WHILE   偏移，并进入状态 69

    $default  使用规则 32 以归约 (StmtList)

    CompSt    转到状态 70
    StmtList  转到状态 90
    Stmt      转到状态 72
    Exp       转到状态 73


状态 73

   33 Stmt: Exp . SEMI
   41     | Exp . error
   51 Exp: Exp . ASSIGNOP Exp
   52    | Exp . AND Exp
   53    | Exp . OR Exp
   54    | Exp . RELOP Exp
   55    | Exp . PLUS Exp
   56    | Exp . MINUS Exp
   57    | Exp . STAR Exp
   58    | Exp . DIV Exp
   64    | Exp . LB Exp RB
   65    | Exp . DOT ID
   69    | Exp . ASSIGNOP error
   70    | Exp . AND error
   71    | Exp . OR error
   72    | Exp . RELOP error
   73    | Exp . PLUS error
   74    | Exp . MINUS error
   75    | Exp . STAR error
   76    | Exp . DIV error
   81    | Exp . LB error RB

    error     偏移，并进入状态 91
    SEMI      偏移，并进入状态 92
    ASSIGNOP  偏移，并进入状态 93
    RELOP     偏移，并进入状态 94
    PLUS      偏移，并进入状态 95
    MINUS     偏移，并进入状态 96
    STAR      偏移，并进入状态 97
    DIV       偏移，并进入状态 98
    AND       偏移，并进入状态 99
    OR        偏移，并进入状态 100
    DOT       偏移，并进入状态 101
    LB        偏移，并进入状态 102


状态 74

   50 Dec: VarDec ASSIGNOP . Exp

    INT    偏移，并进入状态 61
    FLOAT  偏移，并进入状态 62
    ID     偏移，并进入状态 63
    MINUS  偏移，并进入状态 64
    NOT    偏移，并进入状态 65
    LP     偏移，并进入状态 66

    Exp  转到状态 103


状态 75

   45 Def: Specifier DecList SEMI .

    $default  使用规则 45 以归约 (Def)


状态 76

   48 DecList: Dec COMMA . DecList

    ID  偏移，并进入状态 42

    VarDec   转到状态 48
    DecList  转到状态 104
    Dec      转到状态 50


状态 77

   27 VarList: ParamDec COMMA VarList .

    $default  使用规则 27 以归约 (VarList)


状态 78

   62 Exp: ID LP . Args RP
   63    | ID LP . RP
   80    | ID LP . error RP

    error  偏移，并进入状态 105
    INT    偏移，并进入状态 61
    FLOAT  偏移，并进入状态 62
    ID     偏移，并进入状态 63
    MINUS  偏移，并进入状态 64
    NOT    偏移，并进入状态 65
    LP     偏移，并进入状态 66
    RP     偏移，并进入状态 106

    Exp   转到状态 107
    Args  转到状态 108


状态 79

   78 Exp: MINUS error .

    $default  使用规则 78 以归约 (Exp)


状态 80

   51 Exp: Exp . ASSIGNOP Exp
   52    | Exp . AND Exp
   53    | Exp . OR Exp
   54    | Exp . RELOP Exp
   55    | Exp . PLUS Exp
   56    | Exp . MINUS Exp
   57    | Exp . STAR Exp
   58    | Exp . DIV Exp
   60    | MINUS Exp .
   64    | Exp . LB Exp RB
   65    | Exp . DOT ID
   69    | Exp . ASSIGNOP error
   70    | Exp . AND error
   71    | Exp . OR error
   72    | Exp . RELOP error
   73    | Exp . PLUS error
   74    | Exp . MINUS error
   75    | Exp . STAR error
   76    | Exp . DIV error
   81    | Exp . LB error RB

    STAR  偏移，并进入状态 97
    DIV   偏移，并进入状态 98
    DOT   偏移，并进入状态 101
    LB    偏移，并进入状态 102

    $default  使用规则 60 以归约 (Exp)


状态 81

   79 Exp: NOT error .

    $default  使用规则 79 以归约 (Exp)


状态 82

   51 Exp: Exp . ASSIGNOP Exp
   52    | Exp . AND Exp
   53    | Exp . OR Exp
   54    | Exp . RELOP Exp
   55    | Exp . PLUS Exp
   56    | Exp . MINUS Exp
   57    | Exp . STAR Exp
   58    | Exp . DIV Exp
   61    | NOT Exp .
   64    | Exp . LB Exp RB
   65    | Exp . DOT ID
   69    | Exp . ASSIGNOP error
   70    | Exp . AND error
   71    | Exp . OR error
   72    | Exp . RELOP error
   73    | Exp . PLUS error
   74    | Exp . MINUS error
   75    | Exp . STAR error
   76    | Exp . DIV error
   81    | Exp . LB error RB

    DOT  偏移，并进入状态 101
    LB   偏移，并进入状态 102

    $default  使用规则 61 以归约 (Exp)


状态 83

   77 Exp: LP error . RP

    RP  偏移，并进入状态 109


状态 84

   51 Exp: Exp . ASSIGNOP Exp
   52    | Exp . AND Exp
   53    | Exp . OR Exp
   54    | Exp . RELOP Exp
   55    | Exp . PLUS Exp
   56    | Exp . MINUS Exp
   57    | Exp . STAR Exp
   58    | Exp . DIV Exp
   59    | LP Exp . RP
   64    | Exp . LB Exp RB
   65    | Exp . DOT ID
   69    | Exp . ASSIGNOP error
   70    | Exp . AND error
   71    | Exp . OR error
   72    | Exp . RELOP error
   73    | Exp . PLUS error
   74    | Exp . MINUS error
   75    | Exp . STAR error
   76    | Exp . DIV error
   81    | Exp . LB error RB

    ASSIGNOP  偏移，并进入状态 93
    RELOP     偏移，并进入状态 94
    PLUS      偏移，并进入状态 95
    MINUS     偏移，并进入状态 96
    STAR      偏移，并进入状态 97
    DIV       偏移，并进入状态 98
    AND       偏移，并进入状态 99
    OR        偏移，并进入状态 100
    DOT       偏移，并进入状态 101
    RP        偏移，并进入状态 110
    LB        偏移，并进入状态 102


状态 85

   40 Stmt: RETURN error . SEMI

    SEMI  偏移，并进入状态 111


状态 86

   35 Stmt: RETURN Exp . SEMI
   39     | RETURN Exp . error
   51 Exp: Exp . ASSIGNOP Exp
   52    | Exp . AND Exp
   53    | Exp . OR Exp
   54    | Exp . RELOP Exp
   55    | Exp . PLUS Exp
   56    | Exp . MINUS Exp
   57    | Exp . STAR Exp
   58    | Exp . DIV Exp
   64    | Exp . LB Exp RB
   65    | Exp . DOT ID
   69    | Exp . ASSIGNOP error
   70    | Exp . AND error
   71    | Exp . OR error
   72    | Exp . RELOP error
   73    | Exp . PLUS error
   74    | Exp . MINUS error
   75    | Exp . STAR error
   76    | Exp . DIV error
   81    | Exp . LB error RB

    error     偏移，并进入状态 112
    SEMI      偏移，并进入状态 113
    ASSIGNOP  偏移，并进入状态 93
    RELOP     偏移，并进入状态 94
    PLUS      偏移，并进入状态 95
    MINUS     偏移，并进入状态 96
    STAR      偏移，并进入状态 97
    DIV       偏移，并进入状态 98
    AND       偏移，并进入状态 99
    OR        偏移，并进入状态 100
    DOT       偏移，并进入状态 101
    LB        偏移，并进入状态 102


状态 87

   36 Stmt: IF LP . Exp RP Stmt
   37     | IF LP . Exp RP Stmt ELSE Stmt

    INT    偏移，并进入状态 61
    FLOAT  偏移，并进入状态 62
    ID     偏移，并进入状态 63
    MINUS  偏移，并进入状态 64
    NOT    偏移，并进入状态 65
    LP     偏移，并进入状态 66

    Exp  转到状态 114


状态 88

   38 Stmt: WHILE LP . Exp RP Stmt
   42     | WHILE LP . Exp RP error SEMI

    INT    偏移，并进入状态 61
    FLOAT  偏移，并进入状态 62
    ID     偏移，并进入状态 63
    MINUS  偏移，并进入状态 64
    NOT    偏移，并进入状态 65
    LP     偏移，并进入状态 66

    Exp  转到状态 115


状态 89

   30 CompSt: LC DefList StmtList RC .

    $default  使用规则 30 以归约 (CompSt)


状态 90

   31 StmtList: Stmt StmtList .

    $default  使用规则 31 以归约 (StmtList)


状态 91

   41 Stmt: Exp error .

    $default  使用规则 41 以归约 (Stmt)


状态 92

   33 Stmt: Exp SEMI .

    $default  使用规则 33 以归约 (Stmt)


状态 93

   51 Exp: Exp ASSIGNOP . Exp
   69    | Exp ASSIGNOP . error

    error  偏移，并进入状态 116
    INT    偏移，并进入状态 61
    FLOAT  偏移，并进入状态 62
    ID     偏移，并进入状态 63
    MINUS  偏移，并进入状态 64
    NOT    偏移，并进入状态 65
    LP     偏移，并进入状态 66

    Exp  转到状态 117


状态 94

   54 Exp: Exp RELOP . Exp
   72    | Exp RELOP . error

    error  偏移，并进入状态 118
    INT    偏移，并进入状态 61
    FLOAT  偏移，并进入状态 62
    ID     偏移，并进入状态 63
    MINUS  偏移，并进入状态 64
    NOT    偏移，并进入状态 65
    LP     偏移，并进入状态 66

    Exp  转到状态 119


状态 95

   55 Exp: Exp PLUS . Exp
   73    | Exp PLUS . error

    error  偏移，并进入状态 120
    INT    偏移，并进入状态 61
    FLOAT  偏移，并进入状态 62
    ID     偏移，并进入状态 63
    MINUS  偏移，并进入状态 64
    NOT    偏移，并进入状态 65
    LP     偏移，并进入状态 66

    Exp  转到状态 121


状态 96

   56 Exp: Exp MINUS . Exp
   74    | Exp MINUS . error

    error  偏移，并进入状态 122
    INT    偏移，并进入状态 61
    FLOAT  偏移，并进入状态 62
    ID     偏移，并进入状态 63
    MINUS  偏移，并进入状态 64
    NOT    偏移，并进入状态 65
    LP     偏移，并进入状态 66

    Exp  转到状态 123


状态 97

   57 Exp: Exp STAR . Exp
   75    | Exp STAR . error

    error  偏移，并进入状态 124
    INT    偏移，并进入状态 61
    FLOAT  偏移，并进入状态 62
    ID     偏移，并进入状态 63
    MINUS  偏移，并进入状态 64
    NOT    偏移，并进入状态 65
    LP     偏移，并进入状态 66

    Exp  转到状态 125


状态 98

   58 Exp: Exp DIV . Exp
   76    | Exp DIV . error

    error  偏移，并进入状态 126
    INT    偏移，并进入状态 61
    FLOAT  偏移，并进入状态 62
    ID     偏移，并进入状态 63
    MINUS  偏移，并进入状态 64
    NOT    偏移，并进入状态 65
    LP     偏移，并进入状态 66

    Exp  转到状态 127


状态 99

   52 Exp: Exp AND . Exp
   70    | Exp AND . error

    error  偏移，并进入状态 128
    INT    偏移，并进入状态 61
    FLOAT  偏移，并进入状态 62
    ID     偏移，并进入状态 63
    MINUS  偏移，并进入状态 64
    NOT    偏移，并进入状态 65
    LP     偏移，并进入状态 66

    Exp  转到状态 129


状态 100

   53 Exp: Exp OR . Exp
   71    | Exp OR . error

    error  偏移，并进入状态 130
    INT    偏移，并进入状态 61
    FLOAT  偏移，并进入状态 62
    ID     偏移，并进入状态 63
    MINUS  偏移，并进入状态 64
    NOT    偏移，并进入状态 65
    LP     偏移，并进入状态 66

    Exp  转到状态 131


状态 101

   65 Exp: Exp DOT . ID

    ID  偏移，并进入状态 132


状态 102

   64 Exp: Exp LB . Exp RB
   81    | Exp LB . error RB

    error  偏移，并进入状态 133
    INT    偏移，并进入状态 61
    FLOAT  偏移，并进入状态 62
    ID     偏移，并进入状态 63
    MINUS  偏移，并进入状态 64
    NOT    偏移，并进入状态 65
    LP     偏移，并进入状态 66

    Exp  转到状态 134


状态 103

   50 Dec: VarDec ASSIGNOP Exp .
   51 Exp: Exp . ASSIGNOP Exp
   52    | Exp . AND Exp
   53    | Exp . OR Exp
   54    | Exp . RELOP Exp
   55    | Exp . PLUS Exp
   56    | Exp . MINUS Exp
   57    | Exp . STAR Exp
   58    | Exp . DIV Exp
   64    | Exp . LB Exp RB
   65    | Exp . DOT ID
   69    | Exp . ASSIGNOP error
   70    | Exp . AND error
   71    | Exp . OR error
   72    | Exp . RELOP error
   73    | Exp . PLUS error
   74    | Exp . MINUS error
   75    | Exp . STAR error
   76    | Exp . DIV error
   81    | Exp . LB error RB

    ASSIGNOP  偏移，并进入状态 93
    RELOP     偏移，并进入状态 94
    PLUS      偏移，并进入状态 95
    MINUS     偏移，并进入状态 96
    STAR      偏移，并进入状态 97
    DIV       偏移，并进入状态 98
    AND       偏移，并进入状态 99
    OR        偏移，并进入状态 100
    DOT       偏移，并进入状态 101
    LB        偏移，并进入状态 102

    $default  使用规则 50 以归约 (Dec)


状态 104

   48 DecList: Dec COMMA DecList .

    $default  使用规则 48 以归约 (DecList)


状态 105

   80 Exp: ID LP error . RP

    RP  偏移，并进入状态 135


状态 106

   63 Exp: ID LP RP .

    $default  使用规则 63 以归约 (Exp)


状态 107

   51 Exp: Exp . ASSIGNOP Exp
   52    | Exp . AND Exp
   53    | Exp . OR Exp
   54    | Exp . RELOP Exp
   55    | Exp . PLUS Exp
   56    | Exp . MINUS Exp
   57    | Exp . STAR Exp
   58    | Exp . DIV Exp
   64    | Exp . LB Exp RB
   65    | Exp . DOT ID
   69    | Exp . ASSIGNOP error
   70    | Exp . AND error
   71    | Exp . OR error
   72    | Exp . RELOP error
   73    | Exp . PLUS error
   74    | Exp . MINUS error
   75    | Exp . STAR error
   76    | Exp . DIV error
   81    | Exp . LB error RB
   82 Args: Exp . COMMA Args
   83     | Exp .

    COMMA     偏移，并进入状态 136
    ASSIGNOP  偏移，并进入状态 93
    RELOP     偏移，并进入状态 94
    PLUS      偏移，并进入状态 95
    MINUS     偏移，并进入状态 96
    STAR      偏移，并进入状态 97
    DIV       偏移，并进入状态 98
    AND       偏移，并进入状态 99
    OR        偏移，并进入状态 100
    DOT       偏移，并进入状态 101
    LB        偏移，并进入状态 102

    $default  使用规则 83 以归约 (Args)


状态 108

   62 Exp: ID LP Args . RP

    RP  偏移，并进入状态 137


状态 109

   77 Exp: LP error RP .

    $default  使用规则 77 以归约 (Exp)


状态 110

   59 Exp: LP Exp RP .

    $default  使用规则 59 以归约 (Exp)


状态 111

   40 Stmt: RETURN error SEMI .

    $default  使用规则 40 以归约 (Stmt)


状态 112

   39 Stmt: RETURN Exp error .

    $default  使用规则 39 以归约 (Stmt)


状态 113

   35 Stmt: RETURN Exp SEMI .

    $default  使用规则 35 以归约 (Stmt)


状态 114

   36 Stmt: IF LP Exp . RP Stmt
   37     | IF LP Exp . RP Stmt ELSE Stmt
   51 Exp: Exp . ASSIGNOP Exp
   52    | Exp . AND Exp
   53    | Exp . OR Exp
   54    | Exp . RELOP Exp
   55    | Exp . PLUS Exp
   56    | Exp . MINUS Exp
   57    | Exp . STAR Exp
   58    | Exp . DIV Exp
   64    | Exp . LB Exp RB
   65    | Exp . DOT ID
   69    | Exp . ASSIGNOP error
   70    | Exp . AND error
   71    | Exp . OR error
   72    | Exp . RELOP error
   73    | Exp . PLUS error
   74    | Exp . MINUS error
   75    | Exp . STAR error
   76    | Exp . DIV error
   81    | Exp . LB error RB

    ASSIGNOP  偏移，并进入状态 93
    RELOP     偏移，并进入状态 94
    PLUS      偏移，并进入状态 95
    MINUS     偏移，并进入状态 96
    STAR      偏移，并进入状态 97
    DIV       偏移，并进入状态 98
    AND       偏移，并进入状态 99
    OR        偏移，并进入状态 100
    DOT       偏移，并进入状态 101
    RP        偏移，并进入状态 138
    LB        偏移，并进入状态 102


状态 115

   38 Stmt: WHILE LP Exp . RP Stmt
   42     | WHILE LP Exp . RP error SEMI
   51 Exp: Exp . ASSIGNOP Exp
   52    | Exp . AND Exp
   53    | Exp . OR Exp
   54    | Exp . RELOP Exp
   55    | Exp . PLUS Exp
   56    | Exp . MINUS Exp
   57    | Exp . STAR Exp
   58    | Exp . DIV Exp
   64    | Exp . LB Exp RB
   65    | Exp . DOT ID
   69    | Exp . ASSIGNOP error
   70    | Exp . AND error
   71    | Exp . OR error
   72    | Exp . RELOP error
   73    | Exp . PLUS error
   74    | Exp . MINUS error
   75    | Exp . STAR error
   76    | Exp . DIV error
   81    | Exp . LB error RB

    ASSIGNOP  偏移，并进入状态 93
    RELOP     偏移，并进入状态 94
    PLUS      偏移，并进入状态 95
    MINUS     偏移，并进入状态 96
    STAR      偏移，并进入状态 97
    DIV       偏移，并进入状态 98
    AND       偏移，并进入状态 99
    OR        偏移，并进入状态 100
    DOT       偏移，并进入状态 101
    RP        偏移，并进入状态 139
    LB        偏移，并进入状态 102


状态 116

   69 Exp: Exp ASSIGNOP error .

    $default  使用规则 69 以归约 (Exp)


状态 117

   51 Exp: Exp . ASSIGNOP Exp
   51    | Exp ASSIGNOP Exp .
   52    | Exp . AND Exp
   53    | Exp . OR Exp
   54    | Exp . RELOP Exp
   55    | Exp . PLUS Exp
   56    | Exp . MINUS Exp
   57    | Exp . STAR Exp
   58    | Exp . DIV Exp
   64    | Exp . LB Exp RB
   65    | Exp . DOT ID
   69    | Exp . ASSIGNOP error
   70    | Exp . AND error
   71    | Exp . OR error
   72    | Exp . RELOP error
   73    | Exp . PLUS error
   74    | Exp . MINUS error
   75    | Exp . STAR error
   76    | Exp . DIV error
   81    | Exp . LB error RB

    ASSIGNOP  偏移，并进入状态 93
    RELOP     偏移，并进入状态 94
    PLUS      偏移，并进入状态 95
    MINUS     偏移，并进入状态 96
    STAR      偏移，并进入状态 97
    DIV       偏移，并进入状态 98
    AND       偏移，并进入状态 99
    OR        偏移，并进入状态 100
    DOT       偏移，并进入状态 101
    LB        偏移，并进入状态 102

    $default  使用规则 51 以归约 (Exp)


状态 118

   72 Exp: Exp RELOP error .

    $default  使用规则 72 以归约 (Exp)


状态 119

   51 Exp: Exp . ASSIGNOP Exp
   52    | Exp . AND Exp
   53    | Exp . OR Exp
   54    | Exp . RELOP Exp
   54    | Exp RELOP Exp .
   55    | Exp . PLUS Exp
   56    | Exp . MINUS Exp
   57    | Exp . STAR Exp
   58    | Exp . DIV Exp
   64    | Exp . LB Exp RB
   65    | Exp . DOT ID
   69    | Exp . ASSIGNOP error
   70    | Exp . AND error
   71    | Exp . OR error
   72    | Exp . RELOP error
   73    | Exp . PLUS error
   74    | Exp . MINUS error
   75    | Exp . STAR error
   76    | Exp . DIV error
   81    | Exp . LB error RB

    PLUS   偏移，并进入状态 95
    MINUS  偏移，并进入状态 96
    STAR   偏移，并进入状态 97
    DIV    偏移，并进入状态 98
    DOT    偏移，并进入状态 101
    LB     偏移，并进入状态 102

    $default  使用规则 54 以归约 (Exp)


状态 120

   73 Exp: Exp PLUS error .

    $default  使用规则 73 以归约 (Exp)


状态 121

   51 Exp: Exp . ASSIGNOP Exp
   52    | Exp . AND Exp
   53    | Exp . OR Exp
   54    | Exp . RELOP Exp
   55    | Exp . PLUS Exp
   55    | Exp PLUS Exp .
   56    | Exp . MINUS Exp
   57    | Exp . STAR Exp
   58    | Exp . DIV Exp
   64    | Exp . LB Exp RB
   65    | Exp . DOT ID
   69    | Exp . ASSIGNOP error
   70    | Exp . AND error
   71    | Exp . OR error
   72    | Exp . RELOP error
   73    | Exp . PLUS error
   74    | Exp . MINUS error
   75    | Exp . STAR error
   76    | Exp . DIV error
   81    | Exp . LB error RB

    STAR  偏移，并进入状态 97
    DIV   偏移，并进入状态 98
    DOT   偏移，并进入状态 101
    LB    偏移，并进入状态 102

    $default  使用规则 55 以归约 (Exp)


状态 122

   74 Exp: Exp MINUS error .

    $default  使用规则 74 以归约 (Exp)


状态 123

   51 Exp: Exp . ASSIGNOP Exp
   52    | Exp . AND Exp
   53    | Exp . OR Exp
   54    | Exp . RELOP Exp
   55    | Exp . PLUS Exp
   56    | Exp . MINUS Exp
   56    | Exp MINUS Exp .
   57    | Exp . STAR Exp
   58    | Exp . DIV Exp
   64    | Exp . LB Exp RB
   65    | Exp . DOT ID
   69    | Exp . ASSIGNOP error
   70    | Exp . AND error
   71    | Exp . OR error
   72    | Exp . RELOP error
   73    | Exp . PLUS error
   74    | Exp . MINUS error
   75    | Exp . STAR error
   76    | Exp . DIV error
   81    | Exp . LB error RB

    STAR  偏移，并进入状态 97
    DIV   偏移，并进入状态 98
    DOT   偏移，并进入状态 101
    LB    偏移，并进入状态 102

    $default  使用规则 56 以归约 (Exp)


状态 124

   75 Exp: Exp STAR error .

    $default  使用规则 75 以归约 (Exp)


状态 125

   51 Exp: Exp . ASSIGNOP Exp
   52    | Exp . AND Exp
   53    | Exp . OR Exp
   54    | Exp . RELOP Exp
   55    | Exp . PLUS Exp
   56    | Exp . MINUS Exp
   57    | Exp . STAR Exp
   57    | Exp STAR Exp .
   58    | Exp . DIV Exp
   64    | Exp . LB Exp RB
   65    | Exp . DOT ID
   69    | Exp . ASSIGNOP error
   70    | Exp . AND error
   71    | Exp . OR error
   72    | Exp . RELOP error
   73    | Exp . PLUS error
   74    | Exp . MINUS error
   75    | Exp . STAR error
   76    | Exp . DIV error
   81    | Exp . LB error RB

    DOT  偏移，并进入状态 101
    LB   偏移，并进入状态 102

    $default  使用规则 57 以归约 (Exp)


状态 126

   76 Exp: Exp DIV error .

    $default  使用规则 76 以归约 (Exp)


状态 127

   51 Exp: Exp . ASSIGNOP Exp
   52    | Exp . AND Exp
   53    | Exp . OR Exp
   54    | Exp . RELOP Exp
   55    | Exp . PLUS Exp
   56    | Exp . MINUS Exp
   57    | Exp . STAR Exp
   58    | Exp . DIV Exp
   58    | Exp DIV Exp .
   64    | Exp . LB Exp RB
   65    | Exp . DOT ID
   69    | Exp . ASSIGNOP error
   70    | Exp . AND error
   71    | Exp . OR error
   72    | Exp . RELOP error
   73    | Exp . PLUS error
   74    | Exp . MINUS error
   75    | Exp . STAR error
   76    | Exp . DIV error
   81    | Exp . LB error RB

    DOT  偏移，并进入状态 101
    LB   偏移，并进入状态 102

    $default  使用规则 58 以归约 (Exp)


状态 128

   70 Exp: Exp AND error .

    $default  使用规则 70 以归约 (Exp)


状态 129

   51 Exp: Exp . ASSIGNOP Exp
   52    | Exp . AND Exp
   52    | Exp AND Exp .
   53    | Exp . OR Exp
   54    | Exp . RELOP Exp
   55    | Exp . PLUS Exp
   56    | Exp . MINUS Exp
   57    | Exp . STAR Exp
   58    | Exp . DIV Exp
   64    | Exp . LB Exp RB
   65    | Exp . DOT ID
   69    | Exp . ASSIGNOP error
   70    | Exp . AND error
   71    | Exp . OR error
   72    | Exp . RELOP error
   73    | Exp . PLUS error
   74    | Exp . MINUS error
   75    | Exp . STAR error
   76    | Exp . DIV error
   81    | Exp . LB error RB

    RELOP  偏移，并进入状态 94
    PLUS   偏移，并进入状态 95
    MINUS  偏移，并进入状态 96
    STAR   偏移，并进入状态 97
    DIV    偏移，并进入状态 98
    DOT    偏移，并进入状态 101
    LB     偏移，并进入状态 102

    $default  使用规则 52 以归约 (Exp)


状态 130

   71 Exp: Exp OR error .

    $default  使用规则 71 以归约 (Exp)


状态 131

   51 Exp: Exp . ASSIGNOP Exp
   52    | Exp . AND Exp
   53    | Exp . OR Exp
   53    | Exp OR Exp .
   54    | Exp . RELOP Exp
   55    | Exp . PLUS Exp
   56    | Exp . MINUS Exp
   57    | Exp . STAR Exp
   58    | Exp . DIV Exp
   64    | Exp . LB Exp RB
   65    | Exp . DOT ID
   69    | Exp . ASSIGNOP error
   70    | Exp . AND error
   71    | Exp . OR error
   72    | Exp . RELOP error
   73    | Exp . PLUS error
   74    | Exp . MINUS error
   75    | Exp . STAR error
   76    | Exp . DIV error
   81    | Exp . LB error RB

    RELOP  偏移，并进入状态 94
    PLUS   偏移，并进入状态 95
    MINUS  偏移，并进入状态 96
    STAR   偏移，并进入状态 97
    DIV    偏移，并进入状态 98
    AND    偏移，并进入状态 99
    DOT    偏移，并进入状态 101
    LB     偏移，并进入状态 102

    $default  使用规则 53 以归约 (Exp)


状态 132

   65 Exp: Exp DOT ID .

    $default  使用规则 65 以归约 (Exp)


状态 133

   81 Exp: Exp LB error . RB

    RB  偏移，并进入状态 140


状态 134

   51 Exp: Exp . ASSIGNOP Exp
   52    | Exp . AND Exp
   53    | Exp . OR Exp
   54    | Exp . RELOP Exp
   55    | Exp . PLUS Exp
   56    | Exp . MINUS Exp
   57    | Exp . STAR Exp
   58    | Exp . DIV Exp
   64    | Exp . LB Exp RB
   64    | Exp LB Exp . RB
   65    | Exp . DOT ID
   69    | Exp . ASSIGNOP error
   70    | Exp . AND error
   71    | Exp . OR error
   72    | Exp . RELOP error
   73    | Exp . PLUS error
   74    | Exp . MINUS error
   75    | Exp . STAR error
   76    | Exp . DIV error
   81    | Exp . LB error RB

    ASSIGNOP  偏移，并进入状态 93
    RELOP     偏移，并进入状态 94
    PLUS      偏移，并进入状态 95
    MINUS     偏移，并进入状态 96
    STAR      偏移，并进入状态 97
    DIV       偏移，并进入状态 98
    AND       偏移，并进入状态 99
    OR        偏移，并进入状态 100
    DOT       偏移，并进入状态 101
    LB        偏移，并进入状态 102
    RB        偏移，并进入状态 141


状态 135

   80 Exp: ID LP error RP .

    $default  使用规则 80 以归约 (Exp)


状态 136

   82 Args: Exp COMMA . Args

    INT    偏移，并进入状态 61
    FLOAT  偏移，并进入状态 62
    ID     偏移，并进入状态 63
    MINUS  偏移，并进入状态 64
    NOT    偏移，并进入状态 65
    LP     偏移，并进入状态 66

    Exp   转到状态 107
    Args  转到状态 142


状态 137

   62 Exp: ID LP Args RP .

    $default  使用规则 62 以归约 (Exp)


状态 138

   36 Stmt: IF LP Exp RP . Stmt
   37     | IF LP Exp RP . Stmt ELSE Stmt

    INT     偏移，并进入状态 61
    FLOAT   偏移，并进入状态 62
    ID      偏移，并进入状态 63
    MINUS   偏移，并进入状态 64
    NOT     偏移，并进入状态 65
    LP      偏移，并进入状态 66
    LC      偏移，并进入状态 29
    RETURN  偏移，并进入状态 67
    IF      偏移，并进入状态 68
    WHILE   偏移，并进入状态 69

    CompSt  转到状态 70
    Stmt    转到状态 143
    Exp     转到状态 73


状态 139

   38 Stmt: WHILE LP Exp RP . Stmt
   42     | WHILE LP Exp RP . error SEMI

    error   偏移，并进入状态 144
    INT     偏移，并进入状态 61
    FLOAT   偏移，并进入状态 62
    ID      偏移，并进入状态 63
    MINUS   偏移，并进入状态 64
    NOT     偏移，并进入状态 65
    LP      偏移，并进入状态 66
    LC      偏移，并进入状态 29
    RETURN  偏移，并进入状态 67
    IF      偏移，并进入状态 68
    WHILE   偏移，并进入状态 69

    CompSt  转到状态 70
    Stmt    转到状态 145
    Exp     转到状态 73


状态 140

   81 Exp: Exp LB error RB .

    $default  使用规则 81 以归约 (Exp)


状态 141

   64 Exp: Exp LB Exp RB .

    $default  使用规则 64 以归约 (Exp)


状态 142

   82 Args: Exp COMMA Args .

    $default  使用规则 82 以归约 (Args)


状态 143

   36 Stmt: IF LP Exp RP Stmt .
   37     | IF LP Exp RP Stmt . ELSE Stmt

    ELSE  偏移，并进入状态 146

    $default  使用规则 36 以归约 (Stmt)


状态 144

   42 Stmt: WHILE LP Exp RP error . SEMI

    SEMI  偏移，并进入状态 147


状态 145

   38 Stmt: WHILE LP Exp RP Stmt .

    $default  使用规则 38 以归约 (Stmt)


状态 146

   37 Stmt: IF LP Exp RP Stmt ELSE . Stmt

    INT     偏移，并进入状态 61
    FLOAT   偏移，并进入状态 62
    ID      偏移，并进入状态 63
    MINUS   偏移，并进入状态 64
    NOT     偏移，并进入状态 65
    LP      偏移，并进入状态 66
    LC      偏移，并进入状态 29
    RETURN  偏移，并进入状态 67
    IF      偏移，并进入状态 68
    WHILE   偏移，并进入状态 69

    CompSt  转到状态 70
    Stmt    转到状态 148
    Exp     转到状态 73


状态 147

   42 Stmt: WHILE LP Exp RP error SEMI .

    $default  使用规则 42 以归约 (Stmt)


状态 148

   37 Stmt: IF LP Exp RP Stmt ELSE Stmt .

    $default  使用规则 37 以归约 (Stmt)
